This is pdfTeX, Version 3.141592653-2.6-1.40.26 (TeX Live 2024) (preloaded format=pdflatex)
 restricted \write18 enabled.
entering extended mode
(./main.tex
LaTeX2e <2023-11-01> patch level 1
L3 programming layer <2024-02-20>
(d:/Program Files/texlive/2024/texmf-dist/tex/latex/base/article.cls
Document Class: article 2023/05/17 v1.4n Standard LaTeX document class
(d:/Program Files/texlive/2024/texmf-dist/tex/latex/base/size10.clo))
(d:/Program Files/texlive/2024/texmf-dist/tex/latex/amsmath/amsmath.sty
For additional information on amsmath, use the `?' option.
(d:/Program Files/texlive/2024/texmf-dist/tex/latex/amsmath/amstext.sty
(d:/Program Files/texlive/2024/texmf-dist/tex/latex/amsmath/amsgen.sty))
(d:/Program Files/texlive/2024/texmf-dist/tex/latex/amsmath/amsbsy.sty)
(d:/Program Files/texlive/2024/texmf-dist/tex/latex/amsmath/amsopn.sty))
(d:/Program Files/texlive/2024/texmf-dist/tex/latex/amsfonts/amssymb.sty
(d:/Program Files/texlive/2024/texmf-dist/tex/latex/amsfonts/amsfonts.sty))
(d:/Program Files/texlive/2024/texmf-dist/tex/latex/tools/bm.sty)
(d:/Program Files/texlive/2024/texmf-dist/tex/latex/amscls/amsthm.sty)
(d:/Program Files/texlive/2024/texmf-dist/tex/latex/graphics/graphicx.sty
(d:/Program Files/texlive/2024/texmf-dist/tex/latex/graphics/keyval.sty)
(d:/Program Files/texlive/2024/texmf-dist/tex/latex/graphics/graphics.sty
(d:/Program Files/texlive/2024/texmf-dist/tex/latex/graphics/trig.sty)
(d:/Program Files/texlive/2024/texmf-dist/tex/latex/graphics-cfg/graphics.cfg)
(d:/Program Files/texlive/2024/texmf-dist/tex/latex/graphics-def/pdftex.def)))
(d:/Program Files/texlive/2024/texmf-dist/tex/latex/geometry/geometry.sty
(d:/Program Files/texlive/2024/texmf-dist/tex/generic/iftex/ifvtex.sty
(d:/Program Files/texlive/2024/texmf-dist/tex/generic/iftex/iftex.sty)))
(d:/Program Files/texlive/2024/texmf-dist/tex/latex/xcolor/xcolor.sty
(d:/Program Files/texlive/2024/texmf-dist/tex/latex/graphics-cfg/color.cfg)
(d:/Program Files/texlive/2024/texmf-dist/tex/latex/graphics/mathcolor.ltx))
(d:/Program Files/texlive/2024/texmf-dist/tex/latex/hyperref/hyperref.sty
(d:/Program Files/texlive/2024/texmf-dist/tex/latex/kvsetkeys/kvsetkeys.sty)
(d:/Program Files/texlive/2024/texmf-dist/tex/generic/kvdefinekeys/kvdefinekeys
.sty)
(d:/Program Files/texlive/2024/texmf-dist/tex/generic/pdfescape/pdfescape.sty
(d:/Program Files/texlive/2024/texmf-dist/tex/generic/ltxcmds/ltxcmds.sty)
(d:/Program Files/texlive/2024/texmf-dist/tex/generic/pdftexcmds/pdftexcmds.sty
(d:/Program Files/texlive/2024/texmf-dist/tex/generic/infwarerr/infwarerr.sty))
) (d:/Program Files/texlive/2024/texmf-dist/tex/latex/hycolor/hycolor.sty)
(d:/Program Files/texlive/2024/texmf-dist/tex/latex/auxhook/auxhook.sty)
(d:/Program Files/texlive/2024/texmf-dist/tex/latex/hyperref/nameref.sty
(d:/Program Files/texlive/2024/texmf-dist/tex/latex/refcount/refcount.sty)
(d:/Program Files/texlive/2024/texmf-dist/tex/generic/gettitlestring/gettitlest
ring.sty
(d:/Program Files/texlive/2024/texmf-dist/tex/latex/kvoptions/kvoptions.sty)))
(d:/Program Files/texlive/2024/texmf-dist/tex/latex/etoolbox/etoolbox.sty)
(d:/Program Files/texlive/2024/texmf-dist/tex/latex/hyperref/pd1enc.def)
(d:/Program Files/texlive/2024/texmf-dist/tex/generic/intcalc/intcalc.sty)
(d:/Program Files/texlive/2024/texmf-dist/tex/latex/hyperref/puenc.def)
(d:/Program Files/texlive/2024/texmf-dist/tex/latex/url/url.sty)
(d:/Program Files/texlive/2024/texmf-dist/tex/generic/bitset/bitset.sty
(d:/Program Files/texlive/2024/texmf-dist/tex/generic/bigintcalc/bigintcalc.sty
)) (d:/Program Files/texlive/2024/texmf-dist/tex/latex/base/atbegshi-ltx.sty))
(d:/Program Files/texlive/2024/texmf-dist/tex/latex/hyperref/hpdftex.def
(d:/Program Files/texlive/2024/texmf-dist/tex/latex/base/atveryend-ltx.sty)
(d:/Program Files/texlive/2024/texmf-dist/tex/latex/rerunfilecheck/rerunfileche
ck.sty
(d:/Program Files/texlive/2024/texmf-dist/tex/generic/uniquecounter/uniquecount
er.sty)))
(d:/Program Files/texlive/2024/texmf-dist/tex/latex/placeins/placeins.sty)
(d:/Program Files/texlive/2024/texmf-dist/tex/latex/l3backend/l3backend-pdftex.
def)
No file main.aux.
(d:/Program Files/texlive/2024/texmf-dist/tex/context/base/mkii/supp-pdf.mkii
[Loading MPS to PDF converter (version 2006.09.02).]
)
(d:/Program Files/texlive/2024/texmf-dist/tex/latex/epstopdf-pkg/epstopdf-base.
sty
(d:/Program Files/texlive/2024/texmf-dist/tex/latex/latexconfig/epstopdf-sys.cf
g))
*geometry* driver: auto-detecting
*geometry* detected driver: pdftex
(d:/Program Files/texlive/2024/texmf-dist/tex/latex/amsfonts/umsa.fd)
(d:/Program Files/texlive/2024/texmf-dist/tex/latex/amsfonts/umsb.fd)
Overfull \hbox (8.79999pt too wide) in paragraph at lines 225--233
 [][] 

Overfull \hbox (8.79999pt too wide) in paragraph at lines 318--321
 [][] 
[1{d:/Program Files/texlive/2024/texmf-var/fonts/map/pdftex/updmap/pdftex.map}]

Underfull \hbox (badness 2088) in paragraph at lines 361--363
[]\OT1/cmr/m/n/10 These are fixed-dwell and elapsed-time ben-e-fits

Underfull \hbox (badness 2626) in paragraph at lines 379--379
[]$\U/msa/m/n/8 I$ \OT1/cmr/m/n/8 TODO: Beat 5 (one sen-tence). Point to the po
st-

Underfull \hbox (badness 4660) in paragraph at lines 379--379
\OT1/cmr/m/n/8 unblinding anal-y-sis cor-rec-tion and im-mutable prove-nance

Underfull \hbox (badness 2057) in paragraph at lines 379--379
\OT1/cmr/m/n/8 in Meth-ods / Sup-ple-ment S4; do NOT nar-rate it here.

Underfull \hbox (badness 1152) in paragraph at lines 379--379
\OT1/cmr/m/n/8 Frozen cor-rec-tion record: reg-is-ter s9a (three dis-crep-an-ci
es;

Overfull \hbox (8.79999pt too wide) in paragraph at lines 397--400
 [][] 

Underfull \hbox (badness 1360) in paragraph at lines 421--421
[]\OT1/cmr/bx/n/14.4 Closing the integrated-count

Underfull \vbox (badness 1337) has occurred while \output is active [2]
Overfull \hbox (8.79999pt too wide) in paragraph at lines 484--488
 [][] 

Underfull \vbox (badness 10000) has occurred while \output is active
Underfull \hbox (badness 6461) in paragraph at lines 552--562
[]\OT1/cmr/m/n/10 Dedicated diffusing-wave and diffuse-correlation
[3]
Underfull \hbox (badness 1701) in paragraph at lines 598--600
[]\OT1/cmr/m/it/9 The same hid-den state that fixes the scene-

Underfull \hbox (badness 1565) in paragraph at lines 598--600
\OT1/cmr/m/it/9 information bound-ary can there-fore be-come a

Overfull \hbox (8.79999pt too wide) in paragraph at lines 617--620
 [][] 
[4] [5] (tmp/main.aux)

LaTeX Warning: Label(s) may have changed. Rerun to get cross-references right.


Package rerunfilecheck Warning: File `main.out' has changed.
(rerunfilecheck)                Rerun to get outlines right
(rerunfilecheck)                or use package `bookmark'.

 )
(see the transcript file for additional information)<d:/Program Files/texlive/2
024/texmf-dist/fonts/type1/public/amsfonts/cm/cmbx10.pfb><d:/Program Files/texl
ive/2024/texmf-dist/fonts/type1/public/amsfonts/cm/cmbx12.pfb><d:/Program Files
/texlive/2024/texmf-dist/fonts/type1/public/amsfonts/cm/cmex10.pfb><d:/Program 
Files/texlive/2024/texmf-dist/fonts/type1/public/amsfonts/cmextra/cmex8.pfb><d:
/Program Files/texlive/2024/texmf-dist/fonts/type1/public/amsfonts/cm/cmmi10.pf
b><d:/Program Files/texlive/2024/texmf-dist/fonts/type1/public/amsfonts/cm/cmmi
6.pfb><d:/Program Files/texlive/2024/texmf-dist/fonts/type1/public/amsfonts/cm/
cmmi8.pfb><d:/Program Files/texlive/2024/texmf-dist/fonts/type1/public/amsfonts
/cm/cmr10.pfb><d:/Program Files/texlive/2024/texmf-dist/fonts/type1/public/amsf
onts/cm/cmr12.pfb><d:/Program Files/texlive/2024/texmf-dist/fonts/type1/public/
amsfonts/cm/cmr17.pfb><d:/Program Files/texlive/2024/texmf-dist/fonts/type1/pub
lic/amsfonts/cm/cmr6.pfb><d:/Program Files/texlive/2024/texmf-dist/fonts/type1/
public/amsfonts/cm/cmr7.pfb><d:/Program Files/texlive/2024/texmf-dist/fonts/typ
e1/public/amsfonts/cm/cmr8.pfb><d:/Program Files/texlive/2024/texmf-dist/fonts/
type1/public/amsfonts/cm/cmsy10.pfb><d:/Program Files/texlive/2024/texmf-dist/f
onts/type1/public/amsfonts/cm/cmsy6.pfb><d:/Program Files/texlive/2024/texmf-di
st/fonts/type1/public/amsfonts/cm/cmsy7.pfb><d:/Program Files/texlive/2024/texm
f-dist/fonts/type1/public/amsfonts/cm/cmsy8.pfb><d:/Program Files/texlive/2024/
texmf-dist/fonts/type1/public/amsfonts/cm/cmti8.pfb><d:/Program Files/texlive/2
024/texmf-dist/fonts/type1/public/amsfonts/cm/cmti9.pfb><d:/Program Files/texli
ve/2024/texmf-dist/fonts/type1/public/amsfonts/cm/cmtt10.pfb><d:/Program Files/
texlive/2024/texmf-dist/fonts/type1/public/amsfonts/cm/cmtt8.pfb><d:/Program Fi
les/texlive/2024/texmf-dist/fonts/type1/public/amsfonts/symbols/msam10.pfb><d:/
Program Files/texlive/2024/texmf-dist/fonts/type1/public/amsfonts/symbols/msbm1
0.pfb>
Output written on tmp/main.pdf (5 pages, 290200 bytes).
Transcript written on tmp/main.log.
