[s4] cell 1/864 s4_8_chirp rho=0.03 nu=20 s0 done
[s4] cell 2/864 s4_8_chirp rho=0.03 nu=20 s1 done
[s4] cell 3/864 s4_8_chirp rho=0.03 nu=20 s2 done
[s4] cell 4/864 s4_8_chirp rho=0.03 nu=100 s0 done
[s4] cell 5/864 s4_8_chirp rho=0.03 nu=100 s1 done
[s4] cell 6/864 s4_8_chirp rho=0.03 nu=100 s2 done
[s4] cell 7/864 s4_8_chirp rho=0.03 nu=500 s0 done
[s4] cell 8/864 s4_8_chirp rho=0.03 nu=500 s1 done
[s4] cell 9/864 s4_8_chirp rho=0.03 nu=500 s2 done
[s4] cell 10/864 s4_8_chirp rho=0.03 nu=2000 s0 done
[s4] cell 11/864 s4_8_chirp rho=0.03 nu=2000 s1 done
[s4] cell 12/864 s4_8_chirp rho=0.03 nu=2000 s2 done
[s4] cell 13/864 s4_8_chirp rho=0.1 nu=20 s0 done
[s4] cell 14/864 s4_8_chirp rho=0.1 nu=20 s1 done
[s4] cell 15/864 s4_8_chirp rho=0.1 nu=20 s2 done
[s4] cell 16/864 s4_8_chirp rho=0.1 nu=100 s0 done
[s4] cell 17/864 s4_8_chirp rho=0.1 nu=100 s1 done
[s4] cell 18/864 s4_8_chirp rho=0.1 nu=100 s2 done
[s4] cell 19/864 s4_8_chirp rho=0.1 nu=500 s0 done
[s4] cell 20/864 s4_8_chirp rho=0.1 nu=500 s1 done
[s4] cell 21/864 s4_8_chirp rho=0.1 nu=500 s2 done
[s4] cell 22/864 s4_8_chirp rho=0.1 nu=2000 s0 done
[s4] cell 23/864 s4_8_chirp rho=0.1 nu=2000 s1 done
[s4] cell 24/864 s4_8_chirp rho=0.1 nu=2000 s2 done
[s4] cell 25/864 s4_8_chirp rho=0.3 nu=20 s0 done
[s4] cell 26/864 s4_8_chirp rho=0.3 nu=20 s1 done
[s4] cell 27/864 s4_8_chirp rho=0.3 nu=20 s2 done
[s4] cell 28/864 s4_8_chirp rho=0.3 nu=100 s0 done
[s4] cell 29/864 s4_8_chirp rho=0.3 nu=100 s1 done
[s4] cell 30/864 s4_8_chirp rho=0.3 nu=100 s2 done
[s4] cell 31/864 s4_8_chirp rho=0.3 nu=500 s0 done
[s4] cell 32/864 s4_8_chirp rho=0.3 nu=500 s1 done
[s4] cell 33/864 s4_8_chirp rho=0.3 nu=500 s2 done
[s4] cell 34/864 s4_8_chirp rho=0.3 nu=2000 s0 done
[s4] cell 35/864 s4_8_chirp rho=0.3 nu=2000 s1 done
[s4] cell 36/864 s4_8_chirp rho=0.3 nu=2000 s2 done
[s4] cell 37/864 s4_8_chirp rho=0.6 nu=20 s0 done
[s4] cell 38/864 s4_8_chirp rho=0.6 nu=20 s1 done
[s4] cell 39/864 s4_8_chirp rho=0.6 nu=20 s2 done
[s4] cell 40/864 s4_8_chirp rho=0.6 nu=100 s0 done
[s4] cell 41/864 s4_8_chirp rho=0.6 nu=100 s1 done
[s4] cell 42/864 s4_8_chirp rho=0.6 nu=100 s2 done
[s4] cell 43/864 s4_8_chirp rho=0.6 nu=500 s0 done
[s4] cell 44/864 s4_8_chirp rho=0.6 nu=500 s1 done
[s4] cell 45/864 s4_8_chirp rho=0.6 nu=500 s2 done
[s4] cell 46/864 s4_8_chirp rho=0.6 nu=2000 s0 done
[s4] cell 47/864 s4_8_chirp rho=0.6 nu=2000 s1 done
[s4] cell 48/864 s4_8_chirp rho=0.6 nu=2000 s2 done
[s4] cell 49/864 s4_8_chirp rho=1 nu=20 s0 done
[s4] cell 50/864 s4_8_chirp rho=1 nu=20 s1 done
[s4] cell 51/864 s4_8_chirp rho=1 nu=20 s2 done
[s4] cell 52/864 s4_8_chirp rho=1 nu=100 s0 done
[s4] cell 53/864 s4_8_chirp rho=1 nu=100 s1 done
[s4] cell 54/864 s4_8_chirp rho=1 nu=100 s2 done
[s4] cell 55/864 s4_8_chirp rho=1 nu=500 s0 done
[s4] cell 56/864 s4_8_chirp rho=1 nu=500 s1 done
[s4] cell 57/864 s4_8_chirp rho=1 nu=500 s2 done
[s4] cell 58/864 s4_8_chirp rho=1 nu=2000 s0 done
[s4] cell 59/864 s4_8_chirp rho=1 nu=2000 s1 done
[s4] cell 60/864 s4_8_chirp rho=1 nu=2000 s2 done
[s4] cell 61/864 s4_8_chirp rho=2 nu=20 s0 done
[s4] cell 62/864 s4_8_chirp rho=2 nu=20 s1 done
[s4] cell 63/864 s4_8_chirp rho=2 nu=20 s2 done
[s4] cell 64/864 s4_8_chirp rho=2 nu=100 s0 done
[s4] cell 65/864 s4_8_chirp rho=2 nu=100 s1 done
[s4] cell 66/864 s4_8_chirp rho=2 nu=100 s2 done
[s4] cell 67/864 s4_8_chirp rho=2 nu=500 s0 done
[s4] cell 68/864 s4_8_chirp rho=2 nu=500 s1 done
[s4] cell 69/864 s4_8_chirp rho=2 nu=500 s2 done
[s4] cell 70/864 s4_8_chirp rho=2 nu=2000 s0 done
[s4] cell 71/864 s4_8_chirp rho=2 nu=2000 s1 done
[s4] cell 72/864 s4_8_chirp rho=2 nu=2000 s2 done
[s4] cell 73/864 s4_8_contour rho=0.03 nu=20 s0 done
[s4] cell 74/864 s4_8_contour rho=0.03 nu=20 s1 done
[s4] cell 75/864 s4_8_contour rho=0.03 nu=20 s2 done
[s4] cell 76/864 s4_8_contour rho=0.03 nu=100 s0 done
[s4] cell 77/864 s4_8_contour rho=0.03 nu=100 s1 done
[s4] cell 78/864 s4_8_contour rho=0.03 nu=100 s2 done
[s4] cell 79/864 s4_8_contour rho=0.03 nu=500 s0 done
[s4] cell 80/864 s4_8_contour rho=0.03 nu=500 s1 done
[s4] cell 81/864 s4_8_contour rho=0.03 nu=500 s2 done
[s4] cell 82/864 s4_8_contour rho=0.03 nu=2000 s0 done
[s4] cell 83/864 s4_8_contour rho=0.03 nu=2000 s1 done
[s4] cell 84/864 s4_8_contour rho=0.03 nu=2000 s2 done
[s4] cell 85/864 s4_8_contour rho=0.1 nu=20 s0 done
[s4] cell 86/864 s4_8_contour rho=0.1 nu=20 s1 done
[s4] cell 87/864 s4_8_contour rho=0.1 nu=20 s2 done
[s4] cell 88/864 s4_8_contour rho=0.1 nu=100 s0 done
[s4] cell 89/864 s4_8_contour rho=0.1 nu=100 s1 done
[s4] cell 90/864 s4_8_contour rho=0.1 nu=100 s2 done
[s4] cell 91/864 s4_8_contour rho=0.1 nu=500 s0 done
[s4] cell 92/864 s4_8_contour rho=0.1 nu=500 s1 done
[s4] cell 93/864 s4_8_contour rho=0.1 nu=500 s2 done
[s4] cell 94/864 s4_8_contour rho=0.1 nu=2000 s0 done
[s4] cell 95/864 s4_8_contour rho=0.1 nu=2000 s1 done
[s4] cell 96/864 s4_8_contour rho=0.1 nu=2000 s2 done
[s4] cell 97/864 s4_8_contour rho=0.3 nu=20 s0 done
[s4] cell 98/864 s4_8_contour rho=0.3 nu=20 s1 done
[s4] cell 99/864 s4_8_contour rho=0.3 nu=20 s2 done
[s4] cell 100/864 s4_8_contour rho=0.3 nu=100 s0 done
[s4] cell 101/864 s4_8_contour rho=0.3 nu=100 s1 done
[s4] cell 102/864 s4_8_contour rho=0.3 nu=100 s2 done
[s4] cell 103/864 s4_8_contour rho=0.3 nu=500 s0 done
[s4] cell 104/864 s4_8_contour rho=0.3 nu=500 s1 done
[s4] cell 105/864 s4_8_contour rho=0.3 nu=500 s2 done
[s4] cell 106/864 s4_8_contour rho=0.3 nu=2000 s0 done
[s4] cell 107/864 s4_8_contour rho=0.3 nu=2000 s1 done
[s4] cell 108/864 s4_8_contour rho=0.3 nu=2000 s2 done
[s4] cell 109/864 s4_8_contour rho=0.6 nu=20 s0 done
[s4] cell 110/864 s4_8_contour rho=0.6 nu=20 s1 done
[s4] cell 111/864 s4_8_contour rho=0.6 nu=20 s2 done
[s4] cell 112/864 s4_8_contour rho=0.6 nu=100 s0 done
[s4] cell 113/864 s4_8_contour rho=0.6 nu=100 s1 done
[s4] cell 114/864 s4_8_contour rho=0.6 nu=100 s2 done
[s4] cell 115/864 s4_8_contour rho=0.6 nu=500 s0 done
[s4] cell 116/864 s4_8_contour rho=0.6 nu=500 s1 done
[s4] cell 117/864 s4_8_contour rho=0.6 nu=500 s2 done
[s4] cell 118/864 s4_8_contour rho=0.6 nu=2000 s0 done
[s4] cell 119/864 s4_8_contour rho=0.6 nu=2000 s1 done
[s4] cell 120/864 s4_8_contour rho=0.6 nu=2000 s2 done
[s4] cell 121/864 s4_8_contour rho=1 nu=20 s0 done
[s4] cell 122/864 s4_8_contour rho=1 nu=20 s1 done
[s4] cell 123/864 s4_8_contour rho=1 nu=20 s2 done
[s4] cell 124/864 s4_8_contour rho=1 nu=100 s0 done
[s4] cell 125/864 s4_8_contour rho=1 nu=100 s1 done
[s4] cell 126/864 s4_8_contour rho=1 nu=100 s2 done
[s4] cell 127/864 s4_8_contour rho=1 nu=500 s0 done
[s4] cell 128/864 s4_8_contour rho=1 nu=500 s1 done
[s4] cell 129/864 s4_8_contour rho=1 nu=500 s2 done
[s4] cell 130/864 s4_8_contour rho=1 nu=2000 s0 done
[s4] cell 131/864 s4_8_contour rho=1 nu=2000 s1 done
[s4] cell 132/864 s4_8_contour rho=1 nu=2000 s2 done
[s4] cell 133/864 s4_8_contour rho=2 nu=20 s0 done
[s4] cell 134/864 s4_8_contour rho=2 nu=20 s1 done
[s4] cell 135/864 s4_8_contour rho=2 nu=20 s2 done
[s4] cell 136/864 s4_8_contour rho=2 nu=100 s0 done
[s4] cell 137/864 s4_8_contour rho=2 nu=100 s1 done
[s4] cell 138/864 s4_8_contour rho=2 nu=100 s2 done
[s4] cell 139/864 s4_8_contour rho=2 nu=500 s0 done
[s4] cell 140/864 s4_8_contour rho=2 nu=500 s1 done
[s4] cell 141/864 s4_8_contour rho=2 nu=500 s2 done
[s4] cell 142/864 s4_8_contour rho=2 nu=2000 s0 done
[s4] cell 143/864 s4_8_contour rho=2 nu=2000 s1 done
[s4] cell 144/864 s4_8_contour rho=2 nu=2000 s2 done
[s4] cell 145/864 s4_8_glyph rho=0.03 nu=20 s0 done
[s4] cell 146/864 s4_8_glyph rho=0.03 nu=20 s1 done
[s4] cell 147/864 s4_8_glyph rho=0.03 nu=20 s2 done
[s4] cell 148/864 s4_8_glyph rho=0.03 nu=100 s0 done
[s4] cell 149/864 s4_8_glyph rho=0.03 nu=100 s1 done
[s4] cell 150/864 s4_8_glyph rho=0.03 nu=100 s2 done
[s4] cell 151/864 s4_8_glyph rho=0.03 nu=500 s0 done
[s4] cell 152/864 s4_8_glyph rho=0.03 nu=500 s1 done
[s4] cell 153/864 s4_8_glyph rho=0.03 nu=500 s2 done
[s4] cell 154/864 s4_8_glyph rho=0.03 nu=2000 s0 done
[s4] cell 155/864 s4_8_glyph rho=0.03 nu=2000 s1 done
[s4] cell 156/864 s4_8_glyph rho=0.03 nu=2000 s2 done
[s4] cell 157/864 s4_8_glyph rho=0.1 nu=20 s0 done
[s4] cell 158/864 s4_8_glyph rho=0.1 nu=20 s1 done
[s4] cell 159/864 s4_8_glyph rho=0.1 nu=20 s2 done
[s4] cell 160/864 s4_8_glyph rho=0.1 nu=100 s0 done
[s4] cell 161/864 s4_8_glyph rho=0.1 nu=100 s1 done
[s4] cell 162/864 s4_8_glyph rho=0.1 nu=100 s2 done
[s4] cell 163/864 s4_8_glyph rho=0.1 nu=500 s0 done
[s4] cell 164/864 s4_8_glyph rho=0.1 nu=500 s1 done
[s4] cell 165/864 s4_8_glyph rho=0.1 nu=500 s2 done
[s4] cell 166/864 s4_8_glyph rho=0.1 nu=2000 s0 done
[s4] cell 167/864 s4_8_glyph rho=0.1 nu=2000 s1 done
[s4] cell 168/864 s4_8_glyph rho=0.1 nu=2000 s2 done
[s4] cell 169/864 s4_8_glyph rho=0.3 nu=20 s0 done
[s4] cell 170/864 s4_8_glyph rho=0.3 nu=20 s1 done
[s4] cell 171/864 s4_8_glyph rho=0.3 nu=20 s2 done
[s4] cell 172/864 s4_8_glyph rho=0.3 nu=100 s0 done
[s4] cell 173/864 s4_8_glyph rho=0.3 nu=100 s1 done
[s4] cell 174/864 s4_8_glyph rho=0.3 nu=100 s2 done
[s4] cell 175/864 s4_8_glyph rho=0.3 nu=500 s0 done
[s4] cell 176/864 s4_8_glyph rho=0.3 nu=500 s1 done
[s4] cell 177/864 s4_8_glyph rho=0.3 nu=500 s2 done
[s4] cell 178/864 s4_8_glyph rho=0.3 nu=2000 s0 done
[s4] cell 179/864 s4_8_glyph rho=0.3 nu=2000 s1 done
[s4] cell 180/864 s4_8_glyph rho=0.3 nu=2000 s2 done
[s4] cell 181/864 s4_8_glyph rho=0.6 nu=20 s0 done
[s4] cell 182/864 s4_8_glyph rho=0.6 nu=20 s1 done
[s4] cell 183/864 s4_8_glyph rho=0.6 nu=20 s2 done
[s4] cell 184/864 s4_8_glyph rho=0.6 nu=100 s0 done
[s4] cell 185/864 s4_8_glyph rho=0.6 nu=100 s1 done
[s4] cell 186/864 s4_8_glyph rho=0.6 nu=100 s2 done
[s4] cell 187/864 s4_8_glyph rho=0.6 nu=500 s0 done
[s4] cell 188/864 s4_8_glyph rho=0.6 nu=500 s1 done
[s4] cell 189/864 s4_8_glyph rho=0.6 nu=500 s2 done
[s4] cell 190/864 s4_8_glyph rho=0.6 nu=2000 s0 done
[s4] cell 191/864 s4_8_glyph rho=0.6 nu=2000 s1 done
[s4] cell 192/864 s4_8_glyph rho=0.6 nu=2000 s2 done
[s4] cell 193/864 s4_8_glyph rho=1 nu=20 s0 done
[s4] cell 194/864 s4_8_glyph rho=1 nu=20 s1 done
[s4] cell 195/864 s4_8_glyph rho=1 nu=20 s2 done
[s4] cell 196/864 s4_8_glyph rho=1 nu=100 s0 done
[s4] cell 197/864 s4_8_glyph rho=1 nu=100 s1 done
[s4] cell 198/864 s4_8_glyph rho=1 nu=100 s2 done
[s4] cell 199/864 s4_8_glyph rho=1 nu=500 s0 done
[s4] cell 200/864 s4_8_glyph rho=1 nu=500 s1 done
[s4] cell 201/864 s4_8_glyph rho=1 nu=500 s2 done
[s4] cell 202/864 s4_8_glyph rho=1 nu=2000 s0 done
[s4] cell 203/864 s4_8_glyph rho=1 nu=2000 s1 done
[s4] cell 204/864 s4_8_glyph rho=1 nu=2000 s2 done
[s4] cell 205/864 s4_8_glyph rho=2 nu=20 s0 done
[s4] cell 206/864 s4_8_glyph rho=2 nu=20 s1 done
[s4] cell 207/864 s4_8_glyph rho=2 nu=20 s2 done
[s4] cell 208/864 s4_8_glyph rho=2 nu=100 s0 done
[s4] cell 209/864 s4_8_glyph rho=2 nu=100 s1 done
[s4] cell 210/864 s4_8_glyph rho=2 nu=100 s2 done
[s4] cell 211/864 s4_8_glyph rho=2 nu=500 s0 done
[s4] cell 212/864 s4_8_glyph rho=2 nu=500 s1 done
[s4] cell 213/864 s4_8_glyph rho=2 nu=500 s2 done
[s4] cell 214/864 s4_8_glyph rho=2 nu=2000 s0 done
[s4] cell 215/864 s4_8_glyph rho=2 nu=2000 s1 done
[s4] cell 216/864 s4_8_glyph rho=2 nu=2000 s2 done
[s4] cell 217/864 s4_8_maze rho=0.03 nu=20 s0 done
[s4] cell 218/864 s4_8_maze rho=0.03 nu=20 s1 done
[s4] cell 219/864 s4_8_maze rho=0.03 nu=20 s2 done
[s4] cell 220/864 s4_8_maze rho=0.03 nu=100 s0 done
[s4] cell 221/864 s4_8_maze rho=0.03 nu=100 s1 done
[s4] cell 222/864 s4_8_maze rho=0.03 nu=100 s2 done
[s4] cell 223/864 s4_8_maze rho=0.03 nu=500 s0 done
[s4] cell 224/864 s4_8_maze rho=0.03 nu=500 s1 done
[s4] cell 225/864 s4_8_maze rho=0.03 nu=500 s2 done
[s4] cell 226/864 s4_8_maze rho=0.03 nu=2000 s0 done
[s4] cell 227/864 s4_8_maze rho=0.03 nu=2000 s1 done
[s4] cell 228/864 s4_8_maze rho=0.03 nu=2000 s2 done
[s4] cell 229/864 s4_8_maze rho=0.1 nu=20 s0 done
[s4] cell 230/864 s4_8_maze rho=0.1 nu=20 s1 done
[s4] cell 231/864 s4_8_maze rho=0.1 nu=20 s2 done
[s4] cell 232/864 s4_8_maze rho=0.1 nu=100 s0 done
[s4] cell 233/864 s4_8_maze rho=0.1 nu=100 s1 done
[s4] cell 234/864 s4_8_maze rho=0.1 nu=100 s2 done
[s4] cell 235/864 s4_8_maze rho=0.1 nu=500 s0 done
[s4] cell 236/864 s4_8_maze rho=0.1 nu=500 s1 done
[s4] cell 237/864 s4_8_maze rho=0.1 nu=500 s2 done
[s4] cell 238/864 s4_8_maze rho=0.1 nu=2000 s0 done
[s4] cell 239/864 s4_8_maze rho=0.1 nu=2000 s1 done
[s4] cell 240/864 s4_8_maze rho=0.1 nu=2000 s2 done
[s4] cell 241/864 s4_8_maze rho=0.3 nu=20 s0 done
[s4] cell 242/864 s4_8_maze rho=0.3 nu=20 s1 done
[s4] cell 243/864 s4_8_maze rho=0.3 nu=20 s2 done
[s4] cell 244/864 s4_8_maze rho=0.3 nu=100 s0 done
[s4] cell 245/864 s4_8_maze rho=0.3 nu=100 s1 done
[s4] cell 246/864 s4_8_maze rho=0.3 nu=100 s2 done
[s4] cell 247/864 s4_8_maze rho=0.3 nu=500 s0 done
[s4] cell 248/864 s4_8_maze rho=0.3 nu=500 s1 done
[s4] cell 249/864 s4_8_maze rho=0.3 nu=500 s2 done
[s4] cell 250/864 s4_8_maze rho=0.3 nu=2000 s0 done
[s4] cell 251/864 s4_8_maze rho=0.3 nu=2000 s1 done
[s4] cell 252/864 s4_8_maze rho=0.3 nu=2000 s2 done
[s4] cell 253/864 s4_8_maze rho=0.6 nu=20 s0 done
[s4] cell 254/864 s4_8_maze rho=0.6 nu=20 s1 done
[s4] cell 255/864 s4_8_maze rho=0.6 nu=20 s2 done
[s4] cell 256/864 s4_8_maze rho=0.6 nu=100 s0 done
[s4] cell 257/864 s4_8_maze rho=0.6 nu=100 s1 done
[s4] cell 258/864 s4_8_maze rho=0.6 nu=100 s2 done
[s4] cell 259/864 s4_8_maze rho=0.6 nu=500 s0 done
[s4] cell 260/864 s4_8_maze rho=0.6 nu=500 s1 done
[s4] cell 261/864 s4_8_maze rho=0.6 nu=500 s2 done
[s4] cell 262/864 s4_8_maze rho=0.6 nu=2000 s0 done
[s4] cell 263/864 s4_8_maze rho=0.6 nu=2000 s1 done
[s4] cell 264/864 s4_8_maze rho=0.6 nu=2000 s2 done
[s4] cell 265/864 s4_8_maze rho=1 nu=20 s0 done
[s4] cell 266/864 s4_8_maze rho=1 nu=20 s1 done
[s4] cell 267/864 s4_8_maze rho=1 nu=20 s2 done
[s4] cell 268/864 s4_8_maze rho=1 nu=100 s0 done
[s4] cell 269/864 s4_8_maze rho=1 nu=100 s1 done
[s4] cell 270/864 s4_8_maze rho=1 nu=100 s2 done
[s4] cell 271/864 s4_8_maze rho=1 nu=500 s0 done
[s4] cell 272/864 s4_8_maze rho=1 nu=500 s1 done
[s4] cell 273/864 s4_8_maze rho=1 nu=500 s2 done
[s4] cell 274/864 s4_8_maze rho=1 nu=2000 s0 done
[s4] cell 275/864 s4_8_maze rho=1 nu=2000 s1 done
[s4] cell 276/864 s4_8_maze rho=1 nu=2000 s2 done
[s4] cell 277/864 s4_8_maze rho=2 nu=20 s0 done
[s4] cell 278/864 s4_8_maze rho=2 nu=20 s1 done
[s4] cell 279/864 s4_8_maze rho=2 nu=20 s2 done
[s4] cell 280/864 s4_8_maze rho=2 nu=100 s0 done
[s4] cell 281/864 s4_8_maze rho=2 nu=100 s1 done
[s4] cell 282/864 s4_8_maze rho=2 nu=100 s2 done
[s4] cell 283/864 s4_8_maze rho=2 nu=500 s0 done
[s4] cell 284/864 s4_8_maze rho=2 nu=500 s1 done
[s4] cell 285/864 s4_8_maze rho=2 nu=500 s2 done
[s4] cell 286/864 s4_8_maze rho=2 nu=2000 s0 done
[s4] cell 287/864 s4_8_maze rho=2 nu=2000 s1 done
[s4] cell 288/864 s4_8_maze rho=2 nu=2000 s2 done
[s4] cell 289/864 s4_8_microtexture rho=0.03 nu=20 s0 done
[s4] cell 290/864 s4_8_microtexture rho=0.03 nu=20 s1 done
[s4] cell 291/864 s4_8_microtexture rho=0.03 nu=20 s2 done
[s4] cell 292/864 s4_8_microtexture rho=0.03 nu=100 s0 done
[s4] cell 293/864 s4_8_microtexture rho=0.03 nu=100 s1 done
[s4] cell 294/864 s4_8_microtexture rho=0.03 nu=100 s2 done
[s4] cell 295/864 s4_8_microtexture rho=0.03 nu=500 s0 done
[s4] cell 296/864 s4_8_microtexture rho=0.03 nu=500 s1 done
[s4] cell 297/864 s4_8_microtexture rho=0.03 nu=500 s2 done
[s4] cell 298/864 s4_8_microtexture rho=0.03 nu=2000 s0 done
[s4] cell 299/864 s4_8_microtexture rho=0.03 nu=2000 s1 done
[s4] cell 300/864 s4_8_microtexture rho=0.03 nu=2000 s2 done
[s4] cell 301/864 s4_8_microtexture rho=0.1 nu=20 s0 done
[s4] cell 302/864 s4_8_microtexture rho=0.1 nu=20 s1 done
[s4] cell 303/864 s4_8_microtexture rho=0.1 nu=20 s2 done
[s4] cell 304/864 s4_8_microtexture rho=0.1 nu=100 s0 done
[s4] cell 305/864 s4_8_microtexture rho=0.1 nu=100 s1 done
[s4] cell 306/864 s4_8_microtexture rho=0.1 nu=100 s2 done
[s4] cell 307/864 s4_8_microtexture rho=0.1 nu=500 s0 done
[s4] cell 308/864 s4_8_microtexture rho=0.1 nu=500 s1 done
[s4] cell 309/864 s4_8_microtexture rho=0.1 nu=500 s2 done
[s4] cell 310/864 s4_8_microtexture rho=0.1 nu=2000 s0 done
[s4] cell 311/864 s4_8_microtexture rho=0.1 nu=2000 s1 done
[s4] cell 312/864 s4_8_microtexture rho=0.1 nu=2000 s2 done
[s4] cell 313/864 s4_8_microtexture rho=0.3 nu=20 s0 done
[s4] cell 314/864 s4_8_microtexture rho=0.3 nu=20 s1 done
[s4] cell 315/864 s4_8_microtexture rho=0.3 nu=20 s2 done
[s4] cell 316/864 s4_8_microtexture rho=0.3 nu=100 s0 done
[s4] cell 317/864 s4_8_microtexture rho=0.3 nu=100 s1 done
[s4] cell 318/864 s4_8_microtexture rho=0.3 nu=100 s2 done
[s4] cell 319/864 s4_8_microtexture rho=0.3 nu=500 s0 done
[s4] cell 320/864 s4_8_microtexture rho=0.3 nu=500 s1 done
[s4] cell 321/864 s4_8_microtexture rho=0.3 nu=500 s2 done
[s4] cell 322/864 s4_8_microtexture rho=0.3 nu=2000 s0 done
[s4] cell 323/864 s4_8_microtexture rho=0.3 nu=2000 s1 done
[s4] cell 324/864 s4_8_microtexture rho=0.3 nu=2000 s2 done
[s4] cell 325/864 s4_8_microtexture rho=0.6 nu=20 s0 done
[s4] cell 326/864 s4_8_microtexture rho=0.6 nu=20 s1 done
[s4] cell 327/864 s4_8_microtexture rho=0.6 nu=20 s2 done
[s4] cell 328/864 s4_8_microtexture rho=0.6 nu=100 s0 done
[s4] cell 329/864 s4_8_microtexture rho=0.6 nu=100 s1 done
[s4] cell 330/864 s4_8_microtexture rho=0.6 nu=100 s2 done
[s4] cell 331/864 s4_8_microtexture rho=0.6 nu=500 s0 done
[s4] cell 332/864 s4_8_microtexture rho=0.6 nu=500 s1 done
[s4] cell 333/864 s4_8_microtexture rho=0.6 nu=500 s2 done
[s4] cell 334/864 s4_8_microtexture rho=0.6 nu=2000 s0 done
[s4] cell 335/864 s4_8_microtexture rho=0.6 nu=2000 s1 done
[s4] cell 336/864 s4_8_microtexture rho=0.6 nu=2000 s2 done
[s4] cell 337/864 s4_8_microtexture rho=1 nu=20 s0 done
[s4] cell 338/864 s4_8_microtexture rho=1 nu=20 s1 done
[s4] cell 339/864 s4_8_microtexture rho=1 nu=20 s2 done
[s4] cell 340/864 s4_8_microtexture rho=1 nu=100 s0 done
[s4] cell 341/864 s4_8_microtexture rho=1 nu=100 s1 done
[s4] cell 342/864 s4_8_microtexture rho=1 nu=100 s2 done
[s4] cell 343/864 s4_8_microtexture rho=1 nu=500 s0 done
[s4] cell 344/864 s4_8_microtexture rho=1 nu=500 s1 done
[s4] cell 345/864 s4_8_microtexture rho=1 nu=500 s2 done
[s4] cell 346/864 s4_8_microtexture rho=1 nu=2000 s0 done
[s4] cell 347/864 s4_8_microtexture rho=1 nu=2000 s1 done
[s4] cell 348/864 s4_8_microtexture rho=1 nu=2000 s2 done
[s4] cell 349/864 s4_8_microtexture rho=2 nu=20 s0 done
[s4] cell 350/864 s4_8_microtexture rho=2 nu=20 s1 done
[s4] cell 351/864 s4_8_microtexture rho=2 nu=20 s2 done
[s4] cell 352/864 s4_8_microtexture rho=2 nu=100 s0 done
[s4] cell 353/864 s4_8_microtexture rho=2 nu=100 s1 done
[s4] cell 354/864 s4_8_microtexture rho=2 nu=100 s2 done
[s4] cell 355/864 s4_8_microtexture rho=2 nu=500 s0 done
[s4] cell 356/864 s4_8_microtexture rho=2 nu=500 s1 done
[s4] cell 357/864 s4_8_microtexture rho=2 nu=500 s2 done
[s4] cell 358/864 s4_8_microtexture rho=2 nu=2000 s0 done
[s4] cell 359/864 s4_8_microtexture rho=2 nu=2000 s1 done
[s4] cell 360/864 s4_8_microtexture rho=2 nu=2000 s2 done
[s4] cell 361/864 s4_8_spokes rho=0.03 nu=20 s0 done
[s4] cell 362/864 s4_8_spokes rho=0.03 nu=20 s1 done
[s4] cell 363/864 s4_8_spokes rho=0.03 nu=20 s2 done
[s4] cell 364/864 s4_8_spokes rho=0.03 nu=100 s0 done
[s4] cell 365/864 s4_8_spokes rho=0.03 nu=100 s1 done
[s4] cell 366/864 s4_8_spokes rho=0.03 nu=100 s2 done
[s4] cell 367/864 s4_8_spokes rho=0.03 nu=500 s0 done
[s4] cell 368/864 s4_8_spokes rho=0.03 nu=500 s1 done
[s4] cell 369/864 s4_8_spokes rho=0.03 nu=500 s2 done
[s4] cell 370/864 s4_8_spokes rho=0.03 nu=2000 s0 done
[s4] cell 371/864 s4_8_spokes rho=0.03 nu=2000 s1 done
[s4] cell 372/864 s4_8_spokes rho=0.03 nu=2000 s2 done
[s4] cell 373/864 s4_8_spokes rho=0.1 nu=20 s0 done
[s4] cell 374/864 s4_8_spokes rho=0.1 nu=20 s1 done
[s4] cell 375/864 s4_8_spokes rho=0.1 nu=20 s2 done
[s4] cell 376/864 s4_8_spokes rho=0.1 nu=100 s0 done
[s4] cell 377/864 s4_8_spokes rho=0.1 nu=100 s1 done
[s4] cell 378/864 s4_8_spokes rho=0.1 nu=100 s2 done
[s4] cell 379/864 s4_8_spokes rho=0.1 nu=500 s0 done
[s4] cell 380/864 s4_8_spokes rho=0.1 nu=500 s1 done
[s4] cell 381/864 s4_8_spokes rho=0.1 nu=500 s2 done
[s4] cell 382/864 s4_8_spokes rho=0.1 nu=2000 s0 done
[s4] cell 383/864 s4_8_spokes rho=0.1 nu=2000 s1 done
[s4] cell 384/864 s4_8_spokes rho=0.1 nu=2000 s2 done
[s4] cell 385/864 s4_8_spokes rho=0.3 nu=20 s0 done
[s4] cell 386/864 s4_8_spokes rho=0.3 nu=20 s1 done
[s4] cell 387/864 s4_8_spokes rho=0.3 nu=20 s2 done
[s4] cell 388/864 s4_8_spokes rho=0.3 nu=100 s0 done
[s4] cell 389/864 s4_8_spokes rho=0.3 nu=100 s1 done
[s4] cell 390/864 s4_8_spokes rho=0.3 nu=100 s2 done
[s4] cell 391/864 s4_8_spokes rho=0.3 nu=500 s0 done
[s4] cell 392/864 s4_8_spokes rho=0.3 nu=500 s1 done
[s4] cell 393/864 s4_8_spokes rho=0.3 nu=500 s2 done
[s4] cell 394/864 s4_8_spokes rho=0.3 nu=2000 s0 done
[s4] cell 395/864 s4_8_spokes rho=0.3 nu=2000 s1 done
[s4] cell 396/864 s4_8_spokes rho=0.3 nu=2000 s2 done
[s4] cell 397/864 s4_8_spokes rho=0.6 nu=20 s0 done
[s4] cell 398/864 s4_8_spokes rho=0.6 nu=20 s1 done
[s4] cell 399/864 s4_8_spokes rho=0.6 nu=20 s2 done
[s4] cell 400/864 s4_8_spokes rho=0.6 nu=100 s0 done
[s4] cell 401/864 s4_8_spokes rho=0.6 nu=100 s1 done
[s4] cell 402/864 s4_8_spokes rho=0.6 nu=100 s2 done
[s4] cell 403/864 s4_8_spokes rho=0.6 nu=500 s0 done
[s4] cell 404/864 s4_8_spokes rho=0.6 nu=500 s1 done
[s4] cell 405/864 s4_8_spokes rho=0.6 nu=500 s2 done
[s4] cell 406/864 s4_8_spokes rho=0.6 nu=2000 s0 done
[s4] cell 407/864 s4_8_spokes rho=0.6 nu=2000 s1 done
[s4] cell 408/864 s4_8_spokes rho=0.6 nu=2000 s2 done
[s4] cell 409/864 s4_8_spokes rho=1 nu=20 s0 done
[s4] cell 410/864 s4_8_spokes rho=1 nu=20 s1 done
[s4] cell 411/864 s4_8_spokes rho=1 nu=20 s2 done
[s4] cell 412/864 s4_8_spokes rho=1 nu=100 s0 done
[s4] cell 413/864 s4_8_spokes rho=1 nu=100 s1 done
[s4] cell 414/864 s4_8_spokes rho=1 nu=100 s2 done
[s4] cell 415/864 s4_8_spokes rho=1 nu=500 s0 done
[s4] cell 416/864 s4_8_spokes rho=1 nu=500 s1 done
[s4] cell 417/864 s4_8_spokes rho=1 nu=500 s2 done
[s4] cell 418/864 s4_8_spokes rho=1 nu=2000 s0 done
[s4] cell 419/864 s4_8_spokes rho=1 nu=2000 s1 done
[s4] cell 420/864 s4_8_spokes rho=1 nu=2000 s2 done
[s4] cell 421/864 s4_8_spokes rho=2 nu=20 s0 done
[s4] cell 422/864 s4_8_spokes rho=2 nu=20 s1 done
[s4] cell 423/864 s4_8_spokes rho=2 nu=20 s2 done
[s4] cell 424/864 s4_8_spokes rho=2 nu=100 s0 done
[s4] cell 425/864 s4_8_spokes rho=2 nu=100 s1 done
[s4] cell 426/864 s4_8_spokes rho=2 nu=100 s2 done
[s4] cell 427/864 s4_8_spokes rho=2 nu=500 s0 done
[s4] cell 428/864 s4_8_spokes rho=2 nu=500 s1 done
[s4] cell 429/864 s4_8_spokes rho=2 nu=500 s2 done
[s4] cell 430/864 s4_8_spokes rho=2 nu=2000 s0 done
[s4] cell 431/864 s4_8_spokes rho=2 nu=2000 s1 done
[s4] cell 432/864 s4_8_spokes rho=2 nu=2000 s2 done
[s4] cell 433/864 s4_16_chirp rho=0.03 nu=20 s0 done
[s4] cell 434/864 s4_16_chirp rho=0.03 nu=20 s1 done
[s4] cell 435/864 s4_16_chirp rho=0.03 nu=20 s2 done
[s4] cell 436/864 s4_16_chirp rho=0.03 nu=100 s0 done
[s4] cell 437/864 s4_16_chirp rho=0.03 nu=100 s1 done
[s4] cell 438/864 s4_16_chirp rho=0.03 nu=100 s2 done
[s4] cell 439/864 s4_16_chirp rho=0.03 nu=500 s0 done
[s4] cell 440/864 s4_16_chirp rho=0.03 nu=500 s1 done
[s4] cell 441/864 s4_16_chirp rho=0.03 nu=500 s2 done
[s4] cell 442/864 s4_16_chirp rho=0.03 nu=2000 s0 done
[s4] cell 443/864 s4_16_chirp rho=0.03 nu=2000 s1 done
[s4] cell 444/864 s4_16_chirp rho=0.03 nu=2000 s2 done
[s4] cell 445/864 s4_16_chirp rho=0.1 nu=20 s0 done
[s4] cell 446/864 s4_16_chirp rho=0.1 nu=20 s1 done
[s4] cell 447/864 s4_16_chirp rho=0.1 nu=20 s2 done
[s4] cell 448/864 s4_16_chirp rho=0.1 nu=100 s0 done
[s4] cell 449/864 s4_16_chirp rho=0.1 nu=100 s1 done
[s4] cell 450/864 s4_16_chirp rho=0.1 nu=100 s2 done
[s4] cell 451/864 s4_16_chirp rho=0.1 nu=500 s0 done
[s4] cell 452/864 s4_16_chirp rho=0.1 nu=500 s1 done
[s4] cell 453/864 s4_16_chirp rho=0.1 nu=500 s2 done
[s4] cell 454/864 s4_16_chirp rho=0.1 nu=2000 s0 done
[s4] cell 455/864 s4_16_chirp rho=0.1 nu=2000 s1 done
[s4] cell 456/864 s4_16_chirp rho=0.1 nu=2000 s2 done
[s4] cell 457/864 s4_16_chirp rho=0.3 nu=20 s0 done
[s4] cell 458/864 s4_16_chirp rho=0.3 nu=20 s1 done
[s4] cell 459/864 s4_16_chirp rho=0.3 nu=20 s2 done
[s4] cell 460/864 s4_16_chirp rho=0.3 nu=100 s0 done
[s4] cell 461/864 s4_16_chirp rho=0.3 nu=100 s1 done
[s4] cell 462/864 s4_16_chirp rho=0.3 nu=100 s2 done
[s4] cell 463/864 s4_16_chirp rho=0.3 nu=500 s0 done
[s4] cell 464/864 s4_16_chirp rho=0.3 nu=500 s1 done
[s4] cell 465/864 s4_16_chirp rho=0.3 nu=500 s2 done
[s4] cell 466/864 s4_16_chirp rho=0.3 nu=2000 s0 done
[s4] cell 467/864 s4_16_chirp rho=0.3 nu=2000 s1 done
[s4] cell 468/864 s4_16_chirp rho=0.3 nu=2000 s2 done
[s4] cell 469/864 s4_16_chirp rho=0.6 nu=20 s0 done
[s4] cell 470/864 s4_16_chirp rho=0.6 nu=20 s1 done
[s4] cell 471/864 s4_16_chirp rho=0.6 nu=20 s2 done
[s4] cell 472/864 s4_16_chirp rho=0.6 nu=100 s0 done
[s4] cell 473/864 s4_16_chirp rho=0.6 nu=100 s1 done
[s4] cell 474/864 s4_16_chirp rho=0.6 nu=100 s2 done
[s4] cell 475/864 s4_16_chirp rho=0.6 nu=500 s0 done
[s4] cell 476/864 s4_16_chirp rho=0.6 nu=500 s1 done
[s4] cell 477/864 s4_16_chirp rho=0.6 nu=500 s2 done
[s4] cell 478/864 s4_16_chirp rho=0.6 nu=2000 s0 done
[s4] cell 479/864 s4_16_chirp rho=0.6 nu=2000 s1 done
[s4] cell 480/864 s4_16_chirp rho=0.6 nu=2000 s2 done
[s4] cell 481/864 s4_16_chirp rho=1 nu=20 s0 done
[s4] cell 482/864 s4_16_chirp rho=1 nu=20 s1 done
[s4] cell 483/864 s4_16_chirp rho=1 nu=20 s2 done
[s4] cell 484/864 s4_16_chirp rho=1 nu=100 s0 done
[s4] cell 485/864 s4_16_chirp rho=1 nu=100 s1 done
[s4] cell 486/864 s4_16_chirp rho=1 nu=100 s2 done
[s4] cell 487/864 s4_16_chirp rho=1 nu=500 s0 done
[s4] cell 488/864 s4_16_chirp rho=1 nu=500 s1 done
[s4] cell 489/864 s4_16_chirp rho=1 nu=500 s2 done
[s4] cell 490/864 s4_16_chirp rho=1 nu=2000 s0 done
[s4] cell 491/864 s4_16_chirp rho=1 nu=2000 s1 done
[s4] cell 492/864 s4_16_chirp rho=1 nu=2000 s2 done
[s4] cell 493/864 s4_16_chirp rho=2 nu=20 s0 done
[s4] cell 494/864 s4_16_chirp rho=2 nu=20 s1 done
[s4] cell 495/864 s4_16_chirp rho=2 nu=20 s2 done
[s4] cell 496/864 s4_16_chirp rho=2 nu=100 s0 done
[s4] cell 497/864 s4_16_chirp rho=2 nu=100 s1 done
[s4] cell 498/864 s4_16_chirp rho=2 nu=100 s2 done
[s4] cell 499/864 s4_16_chirp rho=2 nu=500 s0 done
[s4] cell 500/864 s4_16_chirp rho=2 nu=500 s1 done
[s4] cell 501/864 s4_16_chirp rho=2 nu=500 s2 done
[s4] cell 502/864 s4_16_chirp rho=2 nu=2000 s0 done
[s4] cell 503/864 s4_16_chirp rho=2 nu=2000 s1 done
[s4] cell 504/864 s4_16_chirp rho=2 nu=2000 s2 done
[s4] cell 505/864 s4_16_contour rho=0.03 nu=20 s0 done
[s4] cell 506/864 s4_16_contour rho=0.03 nu=20 s1 done
[s4] cell 507/864 s4_16_contour rho=0.03 nu=20 s2 done
[s4] cell 508/864 s4_16_contour rho=0.03 nu=100 s0 done
[s4] cell 509/864 s4_16_contour rho=0.03 nu=100 s1 done
[s4] cell 510/864 s4_16_contour rho=0.03 nu=100 s2 done
[s4] cell 511/864 s4_16_contour rho=0.03 nu=500 s0 done
[s4] cell 512/864 s4_16_contour rho=0.03 nu=500 s1 done
[s4] cell 513/864 s4_16_contour rho=0.03 nu=500 s2 done
[s4] cell 514/864 s4_16_contour rho=0.03 nu=2000 s0 done
[s4] cell 515/864 s4_16_contour rho=0.03 nu=2000 s1 done
[s4] cell 516/864 s4_16_contour rho=0.03 nu=2000 s2 done
[s4] cell 517/864 s4_16_contour rho=0.1 nu=20 s0 done
[s4] cell 518/864 s4_16_contour rho=0.1 nu=20 s1 done
[s4] cell 519/864 s4_16_contour rho=0.1 nu=20 s2 done
[s4] cell 520/864 s4_16_contour rho=0.1 nu=100 s0 done
[s4] cell 521/864 s4_16_contour rho=0.1 nu=100 s1 done
[s4] cell 522/864 s4_16_contour rho=0.1 nu=100 s2 done
[s4] cell 523/864 s4_16_contour rho=0.1 nu=500 s0 done
[s4] cell 524/864 s4_16_contour rho=0.1 nu=500 s1 done
[s4] cell 525/864 s4_16_contour rho=0.1 nu=500 s2 done
[s4] cell 526/864 s4_16_contour rho=0.1 nu=2000 s0 done
[s4] cell 527/864 s4_16_contour rho=0.1 nu=2000 s1 done
[s4] cell 528/864 s4_16_contour rho=0.1 nu=2000 s2 done
[s4] cell 529/864 s4_16_contour rho=0.3 nu=20 s0 done
[s4] cell 530/864 s4_16_contour rho=0.3 nu=20 s1 done
[s4] cell 531/864 s4_16_contour rho=0.3 nu=20 s2 done
[s4] cell 532/864 s4_16_contour rho=0.3 nu=100 s0 done
[s4] cell 533/864 s4_16_contour rho=0.3 nu=100 s1 done
[s4] cell 534/864 s4_16_contour rho=0.3 nu=100 s2 done
[s4] cell 535/864 s4_16_contour rho=0.3 nu=500 s0 done
[s4] cell 536/864 s4_16_contour rho=0.3 nu=500 s1 done
[s4] cell 537/864 s4_16_contour rho=0.3 nu=500 s2 done
[s4] cell 538/864 s4_16_contour rho=0.3 nu=2000 s0 done
[s4] cell 539/864 s4_16_contour rho=0.3 nu=2000 s1 done
[s4] cell 540/864 s4_16_contour rho=0.3 nu=2000 s2 done
[s4] cell 541/864 s4_16_contour rho=0.6 nu=20 s0 done
[s4] cell 542/864 s4_16_contour rho=0.6 nu=20 s1 done
[s4] cell 543/864 s4_16_contour rho=0.6 nu=20 s2 done
[s4] cell 544/864 s4_16_contour rho=0.6 nu=100 s0 done
[s4] cell 545/864 s4_16_contour rho=0.6 nu=100 s1 done
[s4] cell 546/864 s4_16_contour rho=0.6 nu=100 s2 done
[s4] cell 547/864 s4_16_contour rho=0.6 nu=500 s0 done
[s4] cell 548/864 s4_16_contour rho=0.6 nu=500 s1 done
[s4] cell 549/864 s4_16_contour rho=0.6 nu=500 s2 done
[s4] cell 550/864 s4_16_contour rho=0.6 nu=2000 s0 done
[s4] cell 551/864 s4_16_contour rho=0.6 nu=2000 s1 done
[s4] cell 552/864 s4_16_contour rho=0.6 nu=2000 s2 done
[s4] cell 553/864 s4_16_contour rho=1 nu=20 s0 done
[s4] cell 554/864 s4_16_contour rho=1 nu=20 s1 done
[s4] cell 555/864 s4_16_contour rho=1 nu=20 s2 done
[s4] cell 556/864 s4_16_contour rho=1 nu=100 s0 done
[s4] cell 557/864 s4_16_contour rho=1 nu=100 s1 done
[s4] cell 558/864 s4_16_contour rho=1 nu=100 s2 done
[s4] cell 559/864 s4_16_contour rho=1 nu=500 s0 done
[s4] cell 560/864 s4_16_contour rho=1 nu=500 s1 done
[s4] cell 561/864 s4_16_contour rho=1 nu=500 s2 done
[s4] cell 562/864 s4_16_contour rho=1 nu=2000 s0 done
[s4] cell 563/864 s4_16_contour rho=1 nu=2000 s1 done
[s4] cell 564/864 s4_16_contour rho=1 nu=2000 s2 done
[s4] cell 565/864 s4_16_contour rho=2 nu=20 s0 done
[s4] cell 566/864 s4_16_contour rho=2 nu=20 s1 done
[s4] cell 567/864 s4_16_contour rho=2 nu=20 s2 done
[s4] cell 568/864 s4_16_contour rho=2 nu=100 s0 done
[s4] cell 569/864 s4_16_contour rho=2 nu=100 s1 done
[s4] cell 570/864 s4_16_contour rho=2 nu=100 s2 done
[s4] cell 571/864 s4_16_contour rho=2 nu=500 s0 done
[s4] cell 572/864 s4_16_contour rho=2 nu=500 s1 done
[s4] cell 573/864 s4_16_contour rho=2 nu=500 s2 done
[s4] cell 574/864 s4_16_contour rho=2 nu=2000 s0 done
[s4] cell 575/864 s4_16_contour rho=2 nu=2000 s1 done
[s4] cell 576/864 s4_16_contour rho=2 nu=2000 s2 done
[s4] cell 577/864 s4_16_glyph rho=0.03 nu=20 s0 done
[s4] cell 578/864 s4_16_glyph rho=0.03 nu=20 s1 done
[s4] cell 579/864 s4_16_glyph rho=0.03 nu=20 s2 done
[s4] cell 580/864 s4_16_glyph rho=0.03 nu=100 s0 done
[s4] cell 581/864 s4_16_glyph rho=0.03 nu=100 s1 done
[s4] cell 582/864 s4_16_glyph rho=0.03 nu=100 s2 done
[s4] cell 583/864 s4_16_glyph rho=0.03 nu=500 s0 done
[s4] cell 584/864 s4_16_glyph rho=0.03 nu=500 s1 done
[s4] cell 585/864 s4_16_glyph rho=0.03 nu=500 s2 done
[s4] cell 586/864 s4_16_glyph rho=0.03 nu=2000 s0 done
[s4] cell 587/864 s4_16_glyph rho=0.03 nu=2000 s1 done
[s4] cell 588/864 s4_16_glyph rho=0.03 nu=2000 s2 done
[s4] cell 589/864 s4_16_glyph rho=0.1 nu=20 s0 done
[s4] cell 590/864 s4_16_glyph rho=0.1 nu=20 s1 done
[s4] cell 591/864 s4_16_glyph rho=0.1 nu=20 s2 done
[s4] cell 592/864 s4_16_glyph rho=0.1 nu=100 s0 done
[s4] cell 593/864 s4_16_glyph rho=0.1 nu=100 s1 done
[s4] cell 594/864 s4_16_glyph rho=0.1 nu=100 s2 done
[s4] cell 595/864 s4_16_glyph rho=0.1 nu=500 s0 done
[s4] cell 596/864 s4_16_glyph rho=0.1 nu=500 s1 done
[s4] cell 597/864 s4_16_glyph rho=0.1 nu=500 s2 done
[s4] cell 598/864 s4_16_glyph rho=0.1 nu=2000 s0 done
[s4] cell 599/864 s4_16_glyph rho=0.1 nu=2000 s1 done
[s4] cell 600/864 s4_16_glyph rho=0.1 nu=2000 s2 done
[s4] cell 601/864 s4_16_glyph rho=0.3 nu=20 s0 done
[s4] cell 602/864 s4_16_glyph rho=0.3 nu=20 s1 done
[s4] cell 603/864 s4_16_glyph rho=0.3 nu=20 s2 done
[s4] cell 604/864 s4_16_glyph rho=0.3 nu=100 s0 done
[s4] cell 605/864 s4_16_glyph rho=0.3 nu=100 s1 done
[s4] cell 606/864 s4_16_glyph rho=0.3 nu=100 s2 done
[s4] cell 607/864 s4_16_glyph rho=0.3 nu=500 s0 done
[s4] cell 608/864 s4_16_glyph rho=0.3 nu=500 s1 done
[s4] cell 609/864 s4_16_glyph rho=0.3 nu=500 s2 done
[s4] cell 610/864 s4_16_glyph rho=0.3 nu=2000 s0 done
[s4] cell 611/864 s4_16_glyph rho=0.3 nu=2000 s1 done
[s4] cell 612/864 s4_16_glyph rho=0.3 nu=2000 s2 done
[s4] cell 613/864 s4_16_glyph rho=0.6 nu=20 s0 done
[s4] cell 614/864 s4_16_glyph rho=0.6 nu=20 s1 done
[s4] cell 615/864 s4_16_glyph rho=0.6 nu=20 s2 done
[s4] cell 616/864 s4_16_glyph rho=0.6 nu=100 s0 done
[s4] cell 617/864 s4_16_glyph rho=0.6 nu=100 s1 done
[s4] cell 618/864 s4_16_glyph rho=0.6 nu=100 s2 done
[s4] cell 619/864 s4_16_glyph rho=0.6 nu=500 s0 done
[s4] cell 620/864 s4_16_glyph rho=0.6 nu=500 s1 done
[s4] cell 621/864 s4_16_glyph rho=0.6 nu=500 s2 done
[s4] cell 622/864 s4_16_glyph rho=0.6 nu=2000 s0 done
[s4] cell 623/864 s4_16_glyph rho=0.6 nu=2000 s1 done
[s4] cell 624/864 s4_16_glyph rho=0.6 nu=2000 s2 done
[s4] cell 625/864 s4_16_glyph rho=1 nu=20 s0 done
[s4] cell 626/864 s4_16_glyph rho=1 nu=20 s1 done
[s4] cell 627/864 s4_16_glyph rho=1 nu=20 s2 done
[s4] cell 628/864 s4_16_glyph rho=1 nu=100 s0 done
[s4] cell 629/864 s4_16_glyph rho=1 nu=100 s1 done
[s4] cell 630/864 s4_16_glyph rho=1 nu=100 s2 done
[s4] cell 631/864 s4_16_glyph rho=1 nu=500 s0 done
[s4] cell 632/864 s4_16_glyph rho=1 nu=500 s1 done
[s4] cell 633/864 s4_16_glyph rho=1 nu=500 s2 done
[s4] cell 634/864 s4_16_glyph rho=1 nu=2000 s0 done
[s4] cell 635/864 s4_16_glyph rho=1 nu=2000 s1 done
[s4] cell 636/864 s4_16_glyph rho=1 nu=2000 s2 done
[s4] cell 637/864 s4_16_glyph rho=2 nu=20 s0 done
[s4] cell 638/864 s4_16_glyph rho=2 nu=20 s1 done
[s4] cell 639/864 s4_16_glyph rho=2 nu=20 s2 done
[s4] cell 640/864 s4_16_glyph rho=2 nu=100 s0 done
[s4] cell 641/864 s4_16_glyph rho=2 nu=100 s1 done
[s4] cell 642/864 s4_16_glyph rho=2 nu=100 s2 done
[s4] cell 643/864 s4_16_glyph rho=2 nu=500 s0 done
[s4] cell 644/864 s4_16_glyph rho=2 nu=500 s1 done
[s4] cell 645/864 s4_16_glyph rho=2 nu=500 s2 done
[s4] cell 646/864 s4_16_glyph rho=2 nu=2000 s0 done
[s4] cell 647/864 s4_16_glyph rho=2 nu=2000 s1 done
[s4] cell 648/864 s4_16_glyph rho=2 nu=2000 s2 done
[s4] cell 649/864 s4_16_maze rho=0.03 nu=20 s0 done
[s4] cell 650/864 s4_16_maze rho=0.03 nu=20 s1 done
[s4] cell 651/864 s4_16_maze rho=0.03 nu=20 s2 done
[s4] cell 652/864 s4_16_maze rho=0.03 nu=100 s0 done
[s4] cell 653/864 s4_16_maze rho=0.03 nu=100 s1 done
[s4] cell 654/864 s4_16_maze rho=0.03 nu=100 s2 done
[s4] cell 655/864 s4_16_maze rho=0.03 nu=500 s0 done
[s4] cell 656/864 s4_16_maze rho=0.03 nu=500 s1 done
[s4] cell 657/864 s4_16_maze rho=0.03 nu=500 s2 done
[s4] cell 658/864 s4_16_maze rho=0.03 nu=2000 s0 done
[s4] cell 659/864 s4_16_maze rho=0.03 nu=2000 s1 done
[s4] cell 660/864 s4_16_maze rho=0.03 nu=2000 s2 done
[s4] cell 661/864 s4_16_maze rho=0.1 nu=20 s0 done
[s4] cell 662/864 s4_16_maze rho=0.1 nu=20 s1 done
[s4] cell 663/864 s4_16_maze rho=0.1 nu=20 s2 done
[s4] cell 664/864 s4_16_maze rho=0.1 nu=100 s0 done
[s4] cell 665/864 s4_16_maze rho=0.1 nu=100 s1 done
[s4] cell 666/864 s4_16_maze rho=0.1 nu=100 s2 done
[s4] cell 667/864 s4_16_maze rho=0.1 nu=500 s0 done
[s4] cell 668/864 s4_16_maze rho=0.1 nu=500 s1 done
[s4] cell 669/864 s4_16_maze rho=0.1 nu=500 s2 done
[s4] cell 670/864 s4_16_maze rho=0.1 nu=2000 s0 done
[s4] cell 671/864 s4_16_maze rho=0.1 nu=2000 s1 done
[s4] cell 672/864 s4_16_maze rho=0.1 nu=2000 s2 done
[s4] cell 673/864 s4_16_maze rho=0.3 nu=20 s0 done
[s4] cell 674/864 s4_16_maze rho=0.3 nu=20 s1 done
[s4] cell 675/864 s4_16_maze rho=0.3 nu=20 s2 done
[s4] cell 676/864 s4_16_maze rho=0.3 nu=100 s0 done
[s4] cell 677/864 s4_16_maze rho=0.3 nu=100 s1 done
[s4] cell 678/864 s4_16_maze rho=0.3 nu=100 s2 done
[s4] cell 679/864 s4_16_maze rho=0.3 nu=500 s0 done
[s4] cell 680/864 s4_16_maze rho=0.3 nu=500 s1 done
[s4] cell 681/864 s4_16_maze rho=0.3 nu=500 s2 done
[s4] cell 682/864 s4_16_maze rho=0.3 nu=2000 s0 done
[s4] cell 683/864 s4_16_maze rho=0.3 nu=2000 s1 done
[s4] cell 684/864 s4_16_maze rho=0.3 nu=2000 s2 done
[s4] cell 685/864 s4_16_maze rho=0.6 nu=20 s0 done
[s4] cell 686/864 s4_16_maze rho=0.6 nu=20 s1 done
[s4] cell 687/864 s4_16_maze rho=0.6 nu=20 s2 done
[s4] cell 688/864 s4_16_maze rho=0.6 nu=100 s0 done
[s4] cell 689/864 s4_16_maze rho=0.6 nu=100 s1 done
[s4] cell 690/864 s4_16_maze rho=0.6 nu=100 s2 done
[s4] cell 691/864 s4_16_maze rho=0.6 nu=500 s0 done
[s4] cell 692/864 s4_16_maze rho=0.6 nu=500 s1 done
[s4] cell 693/864 s4_16_maze rho=0.6 nu=500 s2 done
[s4] cell 694/864 s4_16_maze rho=0.6 nu=2000 s0 done
[s4] cell 695/864 s4_16_maze rho=0.6 nu=2000 s1 done
[s4] cell 696/864 s4_16_maze rho=0.6 nu=2000 s2 done
[s4] cell 697/864 s4_16_maze rho=1 nu=20 s0 done
[s4] cell 698/864 s4_16_maze rho=1 nu=20 s1 done
[s4] cell 699/864 s4_16_maze rho=1 nu=20 s2 done
[s4] cell 700/864 s4_16_maze rho=1 nu=100 s0 done
[s4] cell 701/864 s4_16_maze rho=1 nu=100 s1 done
[s4] cell 702/864 s4_16_maze rho=1 nu=100 s2 done
[s4] cell 703/864 s4_16_maze rho=1 nu=500 s0 done
[s4] cell 704/864 s4_16_maze rho=1 nu=500 s1 done
[s4] cell 705/864 s4_16_maze rho=1 nu=500 s2 done
[s4] cell 706/864 s4_16_maze rho=1 nu=2000 s0 done
[s4] cell 707/864 s4_16_maze rho=1 nu=2000 s1 done
[s4] cell 708/864 s4_16_maze rho=1 nu=2000 s2 done
[s4] cell 709/864 s4_16_maze rho=2 nu=20 s0 done
[s4] cell 710/864 s4_16_maze rho=2 nu=20 s1 done
[s4] cell 711/864 s4_16_maze rho=2 nu=20 s2 done
[s4] cell 712/864 s4_16_maze rho=2 nu=100 s0 done
[s4] cell 713/864 s4_16_maze rho=2 nu=100 s1 done
[s4] cell 714/864 s4_16_maze rho=2 nu=100 s2 done
[s4] cell 715/864 s4_16_maze rho=2 nu=500 s0 done
[s4] cell 716/864 s4_16_maze rho=2 nu=500 s1 done
[s4] cell 717/864 s4_16_maze rho=2 nu=500 s2 done
[s4] cell 718/864 s4_16_maze rho=2 nu=2000 s0 done
[s4] cell 719/864 s4_16_maze rho=2 nu=2000 s1 done
[s4] cell 720/864 s4_16_maze rho=2 nu=2000 s2 done
[s4] cell 721/864 s4_16_microtexture rho=0.03 nu=20 s0 done
[s4] cell 722/864 s4_16_microtexture rho=0.03 nu=20 s1 done
[s4] cell 723/864 s4_16_microtexture rho=0.03 nu=20 s2 done
[s4] cell 724/864 s4_16_microtexture rho=0.03 nu=100 s0 done
[s4] cell 725/864 s4_16_microtexture rho=0.03 nu=100 s1 done
[s4] cell 726/864 s4_16_microtexture rho=0.03 nu=100 s2 done
[s4] cell 727/864 s4_16_microtexture rho=0.03 nu=500 s0 done
[s4] cell 728/864 s4_16_microtexture rho=0.03 nu=500 s1 done
[s4] cell 729/864 s4_16_microtexture rho=0.03 nu=500 s2 done
[s4] cell 730/864 s4_16_microtexture rho=0.03 nu=2000 s0 done
[s4] cell 731/864 s4_16_microtexture rho=0.03 nu=2000 s1 done
[s4] cell 732/864 s4_16_microtexture rho=0.03 nu=2000 s2 done
[s4] cell 733/864 s4_16_microtexture rho=0.1 nu=20 s0 done
[s4] cell 734/864 s4_16_microtexture rho=0.1 nu=20 s1 done
[s4] cell 735/864 s4_16_microtexture rho=0.1 nu=20 s2 done
[s4] cell 736/864 s4_16_microtexture rho=0.1 nu=100 s0 done
[s4] cell 737/864 s4_16_microtexture rho=0.1 nu=100 s1 done
[s4] cell 738/864 s4_16_microtexture rho=0.1 nu=100 s2 done
[s4] cell 739/864 s4_16_microtexture rho=0.1 nu=500 s0 done
[s4] cell 740/864 s4_16_microtexture rho=0.1 nu=500 s1 done
[s4] cell 741/864 s4_16_microtexture rho=0.1 nu=500 s2 done
[s4] cell 742/864 s4_16_microtexture rho=0.1 nu=2000 s0 done
[s4] cell 743/864 s4_16_microtexture rho=0.1 nu=2000 s1 done
[s4] cell 744/864 s4_16_microtexture rho=0.1 nu=2000 s2 done
[s4] cell 745/864 s4_16_microtexture rho=0.3 nu=20 s0 done
[s4] cell 746/864 s4_16_microtexture rho=0.3 nu=20 s1 done
[s4] cell 747/864 s4_16_microtexture rho=0.3 nu=20 s2 done
[s4] cell 748/864 s4_16_microtexture rho=0.3 nu=100 s0 done
[s4] cell 749/864 s4_16_microtexture rho=0.3 nu=100 s1 done
[s4] cell 750/864 s4_16_microtexture rho=0.3 nu=100 s2 done
[s4] cell 751/864 s4_16_microtexture rho=0.3 nu=500 s0 done
[s4] cell 752/864 s4_16_microtexture rho=0.3 nu=500 s1 done
[s4] cell 753/864 s4_16_microtexture rho=0.3 nu=500 s2 done
[s4] cell 754/864 s4_16_microtexture rho=0.3 nu=2000 s0 done
[s4] cell 755/864 s4_16_microtexture rho=0.3 nu=2000 s1 done
[s4] cell 756/864 s4_16_microtexture rho=0.3 nu=2000 s2 done
[s4] cell 757/864 s4_16_microtexture rho=0.6 nu=20 s0 done
[s4] cell 758/864 s4_16_microtexture rho=0.6 nu=20 s1 done
[s4] cell 759/864 s4_16_microtexture rho=0.6 nu=20 s2 done
[s4] cell 760/864 s4_16_microtexture rho=0.6 nu=100 s0 done
[s4] cell 761/864 s4_16_microtexture rho=0.6 nu=100 s1 done
[s4] cell 762/864 s4_16_microtexture rho=0.6 nu=100 s2 done
[s4] cell 763/864 s4_16_microtexture rho=0.6 nu=500 s0 done
[s4] cell 764/864 s4_16_microtexture rho=0.6 nu=500 s1 done
[s4] cell 765/864 s4_16_microtexture rho=0.6 nu=500 s2 done
[s4] cell 766/864 s4_16_microtexture rho=0.6 nu=2000 s0 done
[s4] cell 767/864 s4_16_microtexture rho=0.6 nu=2000 s1 done
[s4] cell 768/864 s4_16_microtexture rho=0.6 nu=2000 s2 done
[s4] cell 769/864 s4_16_microtexture rho=1 nu=20 s0 done
[s4] cell 770/864 s4_16_microtexture rho=1 nu=20 s1 done
[s4] cell 771/864 s4_16_microtexture rho=1 nu=20 s2 done
[s4] cell 772/864 s4_16_microtexture rho=1 nu=100 s0 done
[s4] cell 773/864 s4_16_microtexture rho=1 nu=100 s1 done
[s4] cell 774/864 s4_16_microtexture rho=1 nu=100 s2 done
[s4] cell 775/864 s4_16_microtexture rho=1 nu=500 s0 done
[s4] cell 776/864 s4_16_microtexture rho=1 nu=500 s1 done
[s4] cell 777/864 s4_16_microtexture rho=1 nu=500 s2 done
[s4] cell 778/864 s4_16_microtexture rho=1 nu=2000 s0 done
[s4] cell 779/864 s4_16_microtexture rho=1 nu=2000 s1 done
[s4] cell 780/864 s4_16_microtexture rho=1 nu=2000 s2 done
[s4] cell 781/864 s4_16_microtexture rho=2 nu=20 s0 done
[s4] cell 782/864 s4_16_microtexture rho=2 nu=20 s1 done
[s4] cell 783/864 s4_16_microtexture rho=2 nu=20 s2 done
[s4] cell 784/864 s4_16_microtexture rho=2 nu=100 s0 done
[s4] cell 785/864 s4_16_microtexture rho=2 nu=100 s1 done
[s4] cell 786/864 s4_16_microtexture rho=2 nu=100 s2 done
[s4] cell 787/864 s4_16_microtexture rho=2 nu=500 s0 done
[s4] cell 788/864 s4_16_microtexture rho=2 nu=500 s1 done
[s4] cell 789/864 s4_16_microtexture rho=2 nu=500 s2 done
[s4] cell 790/864 s4_16_microtexture rho=2 nu=2000 s0 done
[s4] cell 791/864 s4_16_microtexture rho=2 nu=2000 s1 done
[s4] cell 792/864 s4_16_microtexture rho=2 nu=2000 s2 done
[s4] cell 793/864 s4_16_spokes rho=0.03 nu=20 s0 done
[s4] cell 794/864 s4_16_spokes rho=0.03 nu=20 s1 done
[s4] cell 795/864 s4_16_spokes rho=0.03 nu=20 s2 done
[s4] cell 796/864 s4_16_spokes rho=0.03 nu=100 s0 done
[s4] cell 797/864 s4_16_spokes rho=0.03 nu=100 s1 done
[s4] cell 798/864 s4_16_spokes rho=0.03 nu=100 s2 done
[s4] cell 799/864 s4_16_spokes rho=0.03 nu=500 s0 done
[s4] cell 800/864 s4_16_spokes rho=0.03 nu=500 s1 done
[s4] cell 801/864 s4_16_spokes rho=0.03 nu=500 s2 done
[s4] cell 802/864 s4_16_spokes rho=0.03 nu=2000 s0 done
[s4] cell 803/864 s4_16_spokes rho=0.03 nu=2000 s1 done
[s4] cell 804/864 s4_16_spokes rho=0.03 nu=2000 s2 done
[s4] cell 805/864 s4_16_spokes rho=0.1 nu=20 s0 done
[s4] cell 806/864 s4_16_spokes rho=0.1 nu=20 s1 done
[s4] cell 807/864 s4_16_spokes rho=0.1 nu=20 s2 done
[s4] cell 808/864 s4_16_spokes rho=0.1 nu=100 s0 done
[s4] cell 809/864 s4_16_spokes rho=0.1 nu=100 s1 done
[s4] cell 810/864 s4_16_spokes rho=0.1 nu=100 s2 done
[s4] cell 811/864 s4_16_spokes rho=0.1 nu=500 s0 done
[s4] cell 812/864 s4_16_spokes rho=0.1 nu=500 s1 done
[s4] cell 813/864 s4_16_spokes rho=0.1 nu=500 s2 done
[s4] cell 814/864 s4_16_spokes rho=0.1 nu=2000 s0 done
[s4] cell 815/864 s4_16_spokes rho=0.1 nu=2000 s1 done
[s4] cell 816/864 s4_16_spokes rho=0.1 nu=2000 s2 done
[s4] cell 817/864 s4_16_spokes rho=0.3 nu=20 s0 done
[s4] cell 818/864 s4_16_spokes rho=0.3 nu=20 s1 done
[s4] cell 819/864 s4_16_spokes rho=0.3 nu=20 s2 done
[s4] cell 820/864 s4_16_spokes rho=0.3 nu=100 s0 done
[s4] cell 821/864 s4_16_spokes rho=0.3 nu=100 s1 done
[s4] cell 822/864 s4_16_spokes rho=0.3 nu=100 s2 done
[s4] cell 823/864 s4_16_spokes rho=0.3 nu=500 s0 done
[s4] cell 824/864 s4_16_spokes rho=0.3 nu=500 s1 done
[s4] cell 825/864 s4_16_spokes rho=0.3 nu=500 s2 done
[s4] cell 826/864 s4_16_spokes rho=0.3 nu=2000 s0 done
[s4] cell 827/864 s4_16_spokes rho=0.3 nu=2000 s1 done
[s4] cell 828/864 s4_16_spokes rho=0.3 nu=2000 s2 done
[s4] cell 829/864 s4_16_spokes rho=0.6 nu=20 s0 done
[s4] cell 830/864 s4_16_spokes rho=0.6 nu=20 s1 done
[s4] cell 831/864 s4_16_spokes rho=0.6 nu=20 s2 done
[s4] cell 832/864 s4_16_spokes rho=0.6 nu=100 s0 done
[s4] cell 833/864 s4_16_spokes rho=0.6 nu=100 s1 done
[s4] cell 834/864 s4_16_spokes rho=0.6 nu=100 s2 done
[s4] cell 835/864 s4_16_spokes rho=0.6 nu=500 s0 done
[s4] cell 836/864 s4_16_spokes rho=0.6 nu=500 s1 done
[s4] cell 837/864 s4_16_spokes rho=0.6 nu=500 s2 done
[s4] cell 838/864 s4_16_spokes rho=0.6 nu=2000 s0 done
[s4] cell 839/864 s4_16_spokes rho=0.6 nu=2000 s1 done
[s4] cell 840/864 s4_16_spokes rho=0.6 nu=2000 s2 done
[s4] cell 841/864 s4_16_spokes rho=1 nu=20 s0 done
[s4] cell 842/864 s4_16_spokes rho=1 nu=20 s1 done
[s4] cell 843/864 s4_16_spokes rho=1 nu=20 s2 done
[s4] cell 844/864 s4_16_spokes rho=1 nu=100 s0 done
[s4] cell 845/864 s4_16_spokes rho=1 nu=100 s1 done
[s4] cell 846/864 s4_16_spokes rho=1 nu=100 s2 done
[s4] cell 847/864 s4_16_spokes rho=1 nu=500 s0 done
[s4] cell 848/864 s4_16_spokes rho=1 nu=500 s1 done
[s4] cell 849/864 s4_16_spokes rho=1 nu=500 s2 done
[s4] cell 850/864 s4_16_spokes rho=1 nu=2000 s0 done
[s4] cell 851/864 s4_16_spokes rho=1 nu=2000 s1 done
[s4] cell 852/864 s4_16_spokes rho=1 nu=2000 s2 done
[s4] cell 853/864 s4_16_spokes rho=2 nu=20 s0 done
[s4] cell 854/864 s4_16_spokes rho=2 nu=20 s1 done
[s4] cell 855/864 s4_16_spokes rho=2 nu=20 s2 done
[s4] cell 856/864 s4_16_spokes rho=2 nu=100 s0 done
[s4] cell 857/864 s4_16_spokes rho=2 nu=100 s1 done
[s4] cell 858/864 s4_16_spokes rho=2 nu=100 s2 done
[s4] cell 859/864 s4_16_spokes rho=2 nu=500 s0 done
[s4] cell 860/864 s4_16_spokes rho=2 nu=500 s1 done
[s4] cell 861/864 s4_16_spokes rho=2 nu=500 s2 done
[s4] cell 862/864 s4_16_spokes rho=2 nu=2000 s0 done
[s4] cell 863/864 s4_16_spokes rho=2 nu=2000 s1 done
[s4] cell 864/864 s4_16_spokes rho=2 nu=2000 s2 done
[s4] SWEEP DONE

[s4] === EXACT-TV minus RQL PSNR_rad gap (median over images/seeds) ===
side rho    nu=20     nu=100    nu=500    nu=2000 
   8 0.03  +0.00  -0.00  +0.00  +0.00  
   8 0.1   -0.00  +0.00  +0.00  +0.00  
   8 0.3   -0.00  -0.00  +0.00  -0.00  
   8 0.6   +0.01  +0.00  +0.00  +0.00  
   8 1     -0.00  -0.00  -0.00  -0.00  
   8 2     -0.00  -0.00  -0.00  -0.00  
  16 0.03  -0.00  +0.00  +0.00  +0.00  
  16 0.1   +0.00  +0.00  +0.00  +0.00  
  16 0.3   -0.00  -0.00  -0.00  -0.01  
  16 0.6   -0.00  +0.00  -0.00  -0.05  
  16 1     +0.01  +0.00  -0.00  -0.05  
  16 2     +0.01  -0.00  -0.01  -0.03  
[s4] DONE
