[sfi] nu=200 n_mc=100000 dlog=0.01 rhos=[1.2, 1.389, 1.607, 1.86, 2.153, 2.491, 2.883, 3.337, 3.862, 4.47, 5.173, 5.986, 6.928, 8.018, 9.28, 10.739, 12.429, 14.384, 16.647, 19.266, 22.297, 25.805, 29.864, 34.563, 40.0]
[sfi]   rho     cv=0      cv=0.02   cv=0.05   cv=0.1    cv=0.2    cv=0.3  
[sfi]   1.200    0.5537    0.5561    0.5497    0.5428    0.5274    0.4980   (7s)
[sfi]   1.389    0.5952    0.5966    0.5823    0.5782    0.5506    0.4981   (16s)
[sfi]   1.607    0.6240    0.6213    0.6160    0.6096    0.5633    0.5046   (22s)
[sfi]   1.860    0.6548    0.6673    0.6515    0.6363    0.5758    0.5048   (28s)
[sfi]   2.153    0.6868    0.6905    0.6813    0.6527    0.5902    0.4955   (34s)
[sfi]   2.491    0.7211    0.7159    0.7101    0.6735    0.5791    0.4604   (40s)
[sfi]   2.883    0.7487    0.7439    0.7256    0.6942    0.5665    0.4339   (48s)
[sfi]   3.337    0.7671    0.7636    0.7473    0.7003    0.5340    0.3932   (56s)
[sfi]   3.862    0.7871    0.7885    0.7687    0.6916    0.5008    0.3467   (63s)
[sfi]   4.470    0.8113    0.8035    0.7773    0.6820    0.4544    0.2975   (69s)
[sfi]   5.173    0.8326    0.8201    0.7816    0.6613    0.4099    0.2469   (77s)
[sfi]   5.986    0.8526    0.8263    0.7712    0.6166    0.3562    0.2062   (85s)
[sfi]   6.928    0.8553    0.8441    0.7752    0.5900    0.3007    0.1701   (93s)
[sfi]   8.018    0.8593    0.8253    0.7477    0.5325    0.2485    0.1338   (101s)
[sfi]   9.280    0.8731    0.8470    0.7141    0.4776    0.2056    0.1049   (109s)
[sfi]  10.739    0.8717    0.8280    0.6919    0.4154    0.1666    0.0817   (118s)
[sfi]  12.429    0.8693    0.8162    0.6433    0.3520    0.1284    0.0660   (126s)
[sfi]  14.384    0.8498    0.8171    0.5814    0.3025    0.1023    0.0488   (134s)
[sfi]  16.647    0.8162    0.7559    0.5102    0.2446    0.0809    0.0382   (142s)
[sfi]  19.266    0.8381    0.7266    0.4602    0.1942    0.0590    0.0296   (151s)
[sfi]  22.297    0.7788    0.6866    0.3933    0.1570    0.0477    0.0224   (157s)
[sfi]  25.805    0.7541    0.6066    0.3283    0.1257    0.0364    0.0169   (163s)
[sfi]  29.864    0.6740    0.5728    0.2679    0.0968    0.0258    0.0126   (171s)
[sfi]  34.563    0.6129    0.4763    0.2173    0.0713    0.0204    0.0097   (180s)
[sfi]  40.000    0.6298    0.4248    0.1758    0.0558    0.0154    0.0071   (185s)

[sfi] === peaks ===
[sfi] cv=0    : peak J=0.8731 at rho=9.28  (cv=0 prediction 22.9)
[sfi] cv=0.02 : peak J=0.8470 at rho=9.28  (cv=0 prediction 22.9; cap~c*13.6)
[sfi] cv=0.05 : peak J=0.7816 at rho=5.173  (cv=0 prediction 22.9; cap~c*7.4)
[sfi] cv=0.1  : peak J=0.7003 at rho=3.337  (cv=0 prediction 22.9; cap~c*4.6)
[sfi] cv=0.2  : peak J=0.5902 at rho=2.153  (cv=0 prediction 22.9; cap~c*2.9)
[sfi] cv=0.3  : peak J=0.5048 at rho=1.86  (cv=0 prediction 22.9; cap~c*2.2)
[sfi] DONE
