[sfi] nu=2000 n_mc=100000 dlog=0.01 rhos=[1.2, 1.389, 1.607, 1.86, 2.153, 2.491, 2.883, 3.337, 3.862, 4.47, 5.173, 5.986, 6.928, 8.018, 9.28, 10.739, 12.429, 14.384, 16.647, 19.266, 22.297, 25.805, 29.864, 34.563, 40.0]
[sfi]   rho     cv=0      cv=0.02   cv=0.05   cv=0.1    cv=0.2    cv=0.3  
[sfi]   1.200    0.5513    0.5478    0.5504    0.5424    0.5184    0.4933   (53s)
[sfi]   1.389    0.5885    0.5879    0.5805    0.5790    0.5502    0.4999   (115s)
[sfi]   1.607    0.6242    0.6256    0.6188    0.6140    0.5644    0.5042   (180s)
[sfi]   1.860    0.6555    0.6546    0.6502    0.6257    0.5768    0.4982   (229s)
[sfi]   2.153    0.6848    0.6869    0.6830    0.6561    0.5882    0.4880   (278s)
[sfi]   2.491    0.7176    0.7155    0.7097    0.6739    0.5791    0.4645   (330s)
[sfi]   2.883    0.7424    0.7493    0.7297    0.6896    0.5621    0.4287   (382s)
[sfi]   3.337    0.7721    0.7749    0.7538    0.6931    0.5325    0.3927   (435s)
[sfi]   3.862    0.7904    0.7946    0.7709    0.6989    0.5040    0.3425   (489s)
[sfi]   4.470    0.8230    0.8164    0.7833    0.6797    0.4575    0.2958   (545s)
[sfi]   5.173    0.8468    0.8310    0.7848    0.6693    0.4109    0.2487   (601s)
[sfi]   5.986    0.8549    0.8445    0.7819    0.6389    0.3538    0.2074   (661s)
[sfi]   6.928    0.8781    0.8595    0.7799    0.5921    0.3032    0.1671   (718s)
[sfi]   8.018    0.8867    0.8662    0.7612    0.5416    0.2508    0.1332   (775s)
[sfi]   9.280    0.9066    0.8700    0.7345    0.4844    0.2063    0.1060   (849s)
[sfi]  10.739    0.9126    0.8731    0.7099    0.4277    0.1654    0.0844   (909s)
[sfi]  12.429    0.9236    0.8712    0.6646    0.3640    0.1317    0.0651   (969s)
[sfi]  14.384    0.9284    0.8571    0.6129    0.3064    0.1031    0.0502   (1031s)
[sfi]  16.647    0.9394    0.8464    0.5559    0.2516    0.0800    0.0401   (1090s)
[sfi]  19.266    0.9354    0.8194    0.4908    0.2035    0.0616    0.0303   (1145s)
[sfi]  22.297    0.9452    0.7751    0.4262    0.1608    0.0479    0.0245   (1201s)
[sfi]  25.805    0.9385    0.7408    0.3570    0.1268    0.0367    0.0183   (1260s)
[sfi]  29.864    0.9379    0.6969    0.2953    0.0974    0.0291    0.0152   (1315s)
[sfi]  34.563    0.9295    0.6382    0.2404    0.0746    0.0223    0.0118   (1369s)
[sfi]  40.000    0.9198    0.5709    0.1922    0.0585    0.0170    0.0094   (1424s)

[sfi] === peaks ===
[sfi] cv=0    : peak J=0.9452 at rho=22.297  (cv=0 prediction 22.9)
[sfi] cv=0.02 : peak J=0.8731 at rho=10.739  (cv=0 prediction 22.9; cap~c*13.6)
[sfi] cv=0.05 : peak J=0.7848 at rho=5.173  (cv=0 prediction 22.9; cap~c*7.4)
[sfi] cv=0.1  : peak J=0.6989 at rho=3.862  (cv=0 prediction 22.9; cap~c*4.6)
[sfi] cv=0.2  : peak J=0.5882 at rho=2.153  (cv=0 prediction 22.9; cap~c*2.9)
[sfi] cv=0.3  : peak J=0.5042 at rho=1.607  (cv=0 prediction 22.9; cap~c*2.2)
[sfi] DONE
