[sfi] nu=2000 n_mc=60000 dlog=0.01 rhos=[2.0, 2.567, 3.295, 4.229, 5.429, 6.968, 8.944, 11.481, 14.736, 18.915, 24.278, 31.163, 40.0]
[sfi]   rho     cv=0      cv=0.05   cv=0.1    cv=0.3  
[sfi]   2.000    0.6762    0.6674    0.6516    0.4991   (19s)
[sfi]   2.567    0.7297    0.7109    0.6823    0.4610   (39s)
[sfi]   3.295    0.7873    0.7540    0.7013    0.3930   (61s)
[sfi]   4.229    0.8192    0.7790    0.6902    0.3149   (83s)
[sfi]   5.429    0.8456    0.7955    0.6585    0.2385   (105s)
[sfi]   6.968    0.8692    0.7805    0.5928    0.1676   (126s)
[sfi]   8.944    0.8904    0.7531    0.5012    0.1123   (147s)
[sfi]  11.481    0.9192    0.6939    0.4024    0.0763   (169s)
[sfi]  14.736    0.9305    0.6057    0.2962    0.0502   (191s)
[sfi]  18.915    0.9262    0.4989    0.2062    0.0344   (212s)
[sfi]  24.278    0.9477    0.3837    0.1414    0.0214   (233s)
[sfi]  31.163    0.9261    0.2819    0.0933    0.0150   (254s)
[sfi]  40.000    0.9231    0.1950    0.0587    0.0108   (275s)

[sfi] === peaks ===
[sfi] cv=0    : peak J=0.9477 at rho=24.278  (cv=0 prediction 22.9)
[sfi] cv=0.05 : peak J=0.7955 at rho=5.429  (cv=0 prediction 22.9; cap~c*7.4)
[sfi] cv=0.1  : peak J=0.7013 at rho=3.295  (cv=0 prediction 22.9; cap~c*4.6)
[sfi] cv=0.3  : peak J=0.4991 at rho=2.0  (cv=0 prediction 22.9; cap~c*2.2)
[sfi] DONE
