POCKET DEMO  cell: sigma_f=0.3 k^-2 k_w=k_p=5 claim1.25 (shell6) N=4096 M=128 n=1e+04 db=120
=== convexity validation (small case, N=256) ===
  r=1 (nonconvex) final objective, 6 inits: ['6.90e+01', '1.88e-02', '5.97e-03', '6.05e-03', '6.96e+01', '6.00e-03']  std 3.27e+01
  r=8 (lifted)    final objective, 6 inits: ['7.99e-03', '8.10e-03', '8.39e-03', '8.66e-03', '7.70e-03', '8.96e-03']  std 4.24e-04
  lift reaches a consistent (convex-like) minimum, no worse than r=1: True
  T=200 cameraman  CRB=0.825 moment=0.915 lifted=1.511 mle=1.319
  T=200 coins      CRB=0.261 moment=0.337 lifted=0.849 mle=0.791
  T=200 moon       CRB=1.763 moment=1.617 lifted=1.181 mle=2.940
  T=200 text       CRB=1.155 moment=0.954 lifted=1.675 mle=2.435
  T=200 clock      CRB=0.905 moment=0.917 lifted=1.319 mle=1.434
  T=200 gravel     CRB=1.006 moment=0.974 lifted=1.157 mle=1.964
  T=200 witness0   CRB=0.225 moment=0.317 lifted=0.989 mle=0.982
  T=200 witness1   CRB=0.221 moment=0.354 lifted=1.038 mle=1.009
  T=200 witness2   CRB=0.260 moment=0.309 lifted=0.951 mle=1.080
  T=500 cameraman  CRB=0.522 moment=0.519 lifted=0.559 mle=1.195
  T=500 coins      CRB=0.165 moment=0.160 lifted=0.161 mle=0.772
  T=500 moon       CRB=1.115 moment=1.018 lifted=1.370 mle=2.630
  T=500 text       CRB=0.730 moment=0.701 lifted=0.760 mle=2.601
  T=500 clock      CRB=0.572 moment=0.645 lifted=0.653 mle=1.326
  T=500 gravel     CRB=0.636 moment=0.688 lifted=0.744 mle=2.203
  T=500 witness0   CRB=0.142 moment=0.157 lifted=0.163 mle=0.984
  T=500 witness1   CRB=0.140 moment=0.145 lifted=0.179 mle=0.994
  T=500 witness2   CRB=0.164 moment=0.182 lifted=0.218 mle=1.052
  T=1000 cameraman  CRB=0.369 moment=0.388 lifted=0.389 mle=1.196
  T=1000 coins      CRB=0.117 moment=0.110 lifted=0.110 mle=0.793
  T=1000 moon       CRB=0.788 moment=0.754 lifted=0.757 mle=2.619
  T=1000 text       CRB=0.516 moment=0.616 lifted=0.575 mle=2.401
  T=1000 clock      CRB=0.405 moment=0.460 lifted=0.460 mle=1.430
  T=1000 gravel     CRB=0.450 moment=0.526 lifted=0.542 mle=1.933
  T=1000 witness0   CRB=0.101 moment=0.105 lifted=0.104 mle=1.004
  T=1000 witness1   CRB=0.099 moment=0.098 lifted=0.100 mle=0.994
  T=1000 witness2   CRB=0.116 moment=0.094 lifted=0.102 mle=1.047

POCKET DEMO VERDICT: POCKET_ACHIEVED  [2642s]
