[driver m1_p1a] 8 shards, 6 lanes, bundle=/content/round63_m1_bundle
[keepalive m1_p1a 2026-07-19T15:07:46Z]
[driver m1_p1a] lane 0 <- results/round63_m1/manifests/M1_CERT_03.json (pid 3959)
[driver m1_p1a] lane 1 <- results/round63_m1/manifests/M1_CERT_08.json (pid 3962)
[driver m1_p1a] lane 2 <- results/round63_m1/manifests/M1_CERT_12.json (pid 3965)
[driver m1_p1a] lane 3 <- results/round63_m1/manifests/M1_CERT_17.json (pid 3968)
[driver m1_p1a] lane 4 <- results/round63_m1/manifests/M1_CERT_22.json (pid 3971)
[driver m1_p1a] lane 5 <- results/round63_m1/manifests/M1_CERT_27.json (pid 3974)
[keepalive m1_p1a 2026-07-19T15:08:46Z]
[keepalive m1_p1a 2026-07-19T15:09:46Z]
[keepalive m1_p1a 2026-07-19T15:10:46Z]
[keepalive m1_p1a 2026-07-19T15:11:46Z]
[keepalive m1_p1a 2026-07-19T15:12:46Z]
[keepalive m1_p1a 2026-07-19T15:13:46Z]
[keepalive m1_p1a 2026-07-19T15:14:46Z]
[keepalive m1_p1a 2026-07-19T15:15:46Z]
[keepalive m1_p1a 2026-07-19T15:16:46Z]
[keepalive m1_p1a 2026-07-19T15:17:46Z]
[keepalive m1_p1a 2026-07-19T15:18:46Z]
[keepalive m1_p1a 2026-07-19T15:19:46Z]
[keepalive m1_p1a 2026-07-19T15:20:46Z]
[keepalive m1_p1a 2026-07-19T15:21:46Z]
[driver m1_p1a] lane 1 done: results/round63_m1/manifests/M1_CERT_08.json rc=0
[driver m1_p1a] lane 2 done: results/round63_m1/manifests/M1_CERT_12.json rc=0
[driver m1_p1a] lane 3 done: results/round63_m1/manifests/M1_CERT_17.json rc=0
[driver m1_p1a] lane 4 done: results/round63_m1/manifests/M1_CERT_22.json rc=0
[driver m1_p1a] lane 1 <- results/round63_m1/manifests/M1_CERT_32.json (pid 8217)
[driver m1_p1a] lane 2 <- results/round63_m1/manifests/M1_CERT_37.json (pid 8220)
[driver m1_p1a] lane 5 done: results/round63_m1/manifests/M1_CERT_27.json rc=0
[keepalive m1_p1a 2026-07-19T15:22:46Z]
[keepalive m1_p1a 2026-07-19T15:23:46Z]
[keepalive m1_p1a 2026-07-19T15:24:46Z]
[keepalive m1_p1a 2026-07-19T15:25:46Z]
[keepalive m1_p1a 2026-07-19T15:26:46Z]
[driver m1_p1a] lane 0 done: results/round63_m1/manifests/M1_CERT_03.json rc=0
[keepalive m1_p1a 2026-07-19T15:27:46Z]
[keepalive m1_p1a 2026-07-19T15:28:46Z]
[keepalive m1_p1a 2026-07-19T15:29:46Z]
[keepalive m1_p1a 2026-07-19T15:30:46Z]
[keepalive m1_p1a 2026-07-19T15:31:46Z]
[keepalive m1_p1a 2026-07-19T15:32:46Z]
[keepalive m1_p1a 2026-07-19T15:33:46Z]
[keepalive m1_p1a 2026-07-19T15:34:46Z]
[keepalive m1_p1a 2026-07-19T15:35:46Z]
[keepalive m1_p1a 2026-07-19T15:36:46Z]
[driver m1_p1a] lane 2 done: results/round63_m1/manifests/M1_CERT_37.json rc=0
[driver m1_p1a] lane 1 done: results/round63_m1/manifests/M1_CERT_32.json rc=0
[driver m1_p1a] all lanes drained: 8/8 shards, session_fail=0
