[scalar] nu   rho     c     meanN   J_mi      J_cs      Jexact   eff_var  eff_mse  head_dB
[scalar] 2000   1.00 0.00   1000.1 0.50001  0.49831  0.50001  1.0013  1.0012  -0.006   (19s)
[scalar] 2000   5.70 0.00   1701.9 0.84927  0.84564  0.84926  1.0007  0.9961  -0.003   (41s)
[scalar] 2000  22.25 0.00   1914.4 0.93547  0.93526  0.93545  0.9897  0.9303  +0.045   (66s)
[scalar] 2000   1.00 0.05   1000.1 0.49875  0.50079    exact  0.9946  0.9945  +0.024   (94s)
[scalar] 2000   5.70 0.05   1701.8 0.78552  0.79321    exact  0.9889  0.9853  +0.049   (134s)
[scalar] 2000  22.25 0.05   1914.4 0.42279  0.42410    exact  0.9893  0.9593  +0.047   (177s)
[scalar] 200    1.00 0.00    100.1 0.50004  0.49944  0.50011  0.9915  0.9910  +0.037   (180s)
[scalar] 200    5.70 0.00    170.5 0.83619  0.84171  0.83628  0.9640  0.9248  +0.159   (183s)
[scalar] 200   22.25 0.00    191.9 0.77988  0.77063  0.77902  0.8922  0.5909  +0.495   (187s)
[scalar] 200    1.00 0.05    100.1 0.49890  0.49968    exact  0.9883  0.9877  +0.051   (192s)
[scalar] 200    5.70 0.05    170.5 0.77521  0.76718    exact  0.9733  0.9333  +0.118   (198s)
[scalar] 200   22.25 0.05    191.9 0.39041  0.38983    exact  0.8665  0.6785  +0.622   (205s)

[scalar] === c=0 fi_mi vs exact analytic (validation) ===
[scalar] nu=2000 rho=1.0: J_mi=0.500011 J_exact=0.500010 reldiff=0.000%
[scalar] nu=2000 rho=5.7: J_mi=0.849270 J_exact=0.849264 reldiff=0.001%
[scalar] nu=2000 rho=22.25: J_mi=0.935473 J_exact=0.935449 reldiff=0.003%
[scalar] nu=200 rho=1.0: J_mi=0.500038 J_exact=0.500107 reldiff=0.014%
[scalar] nu=200 rho=5.7: J_mi=0.836192 J_exact=0.836276 reldiff=0.010%
[scalar] nu=200 rho=22.25: J_mi=0.779882 J_exact=0.779019 reldiff=0.111%
[scalar] DONE
