This is pdfTeX, Version 3.141592653-2.6-1.40.26 (TeX Live 2024) (preloaded format=pdflatex)
 restricted \write18 enabled.
entering extended mode
(./main_m1.tex
LaTeX2e <2023-11-01> patch level 1
L3 programming layer <2024-02-20>
(d:/Program Files/texlive/2024/texmf-dist/tex/latex/base/article.cls
Document Class: article 2023/05/17 v1.4n Standard LaTeX document class
(d:/Program Files/texlive/2024/texmf-dist/tex/latex/base/size10.clo))
(d:/Program Files/texlive/2024/texmf-dist/tex/latex/amsmath/amsmath.sty
For additional information on amsmath, use the `?' option.
(d:/Program Files/texlive/2024/texmf-dist/tex/latex/amsmath/amstext.sty
(d:/Program Files/texlive/2024/texmf-dist/tex/latex/amsmath/amsgen.sty))
(d:/Program Files/texlive/2024/texmf-dist/tex/latex/amsmath/amsbsy.sty)
(d:/Program Files/texlive/2024/texmf-dist/tex/latex/amsmath/amsopn.sty))
(d:/Program Files/texlive/2024/texmf-dist/tex/latex/amsfonts/amssymb.sty
(d:/Program Files/texlive/2024/texmf-dist/tex/latex/amsfonts/amsfonts.sty))
(d:/Program Files/texlive/2024/texmf-dist/tex/latex/tools/bm.sty)
(d:/Program Files/texlive/2024/texmf-dist/tex/latex/graphics/graphicx.sty
(d:/Program Files/texlive/2024/texmf-dist/tex/latex/graphics/keyval.sty)
(d:/Program Files/texlive/2024/texmf-dist/tex/latex/graphics/graphics.sty
(d:/Program Files/texlive/2024/texmf-dist/tex/latex/graphics/trig.sty)
(d:/Program Files/texlive/2024/texmf-dist/tex/latex/graphics-cfg/graphics.cfg)
(d:/Program Files/texlive/2024/texmf-dist/tex/latex/graphics-def/pdftex.def)))
(d:/Program Files/texlive/2024/texmf-dist/tex/latex/geometry/geometry.sty
(d:/Program Files/texlive/2024/texmf-dist/tex/generic/iftex/ifvtex.sty
(d:/Program Files/texlive/2024/texmf-dist/tex/generic/iftex/iftex.sty)))
(d:/Program Files/texlive/2024/texmf-dist/tex/latex/xcolor/xcolor.sty
(d:/Program Files/texlive/2024/texmf-dist/tex/latex/graphics-cfg/color.cfg)
(d:/Program Files/texlive/2024/texmf-dist/tex/latex/graphics/mathcolor.ltx))
(d:/Program Files/texlive/2024/texmf-dist/tex/latex/hyperref/hyperref.sty
(d:/Program Files/texlive/2024/texmf-dist/tex/latex/kvsetkeys/kvsetkeys.sty)
(d:/Program Files/texlive/2024/texmf-dist/tex/generic/kvdefinekeys/kvdefinekeys
.sty)
(d:/Program Files/texlive/2024/texmf-dist/tex/generic/pdfescape/pdfescape.sty
(d:/Program Files/texlive/2024/texmf-dist/tex/generic/ltxcmds/ltxcmds.sty)
(d:/Program Files/texlive/2024/texmf-dist/tex/generic/pdftexcmds/pdftexcmds.sty
(d:/Program Files/texlive/2024/texmf-dist/tex/generic/infwarerr/infwarerr.sty))
) (d:/Program Files/texlive/2024/texmf-dist/tex/latex/hycolor/hycolor.sty)
(d:/Program Files/texlive/2024/texmf-dist/tex/latex/auxhook/auxhook.sty)
(d:/Program Files/texlive/2024/texmf-dist/tex/latex/hyperref/nameref.sty
(d:/Program Files/texlive/2024/texmf-dist/tex/latex/refcount/refcount.sty)
(d:/Program Files/texlive/2024/texmf-dist/tex/generic/gettitlestring/gettitlest
ring.sty
(d:/Program Files/texlive/2024/texmf-dist/tex/latex/kvoptions/kvoptions.sty)))
(d:/Program Files/texlive/2024/texmf-dist/tex/latex/etoolbox/etoolbox.sty)
(d:/Program Files/texlive/2024/texmf-dist/tex/latex/hyperref/pd1enc.def)
(d:/Program Files/texlive/2024/texmf-dist/tex/generic/intcalc/intcalc.sty)
(d:/Program Files/texlive/2024/texmf-dist/tex/latex/hyperref/puenc.def)
(d:/Program Files/texlive/2024/texmf-dist/tex/latex/url/url.sty)
(d:/Program Files/texlive/2024/texmf-dist/tex/generic/bitset/bitset.sty
(d:/Program Files/texlive/2024/texmf-dist/tex/generic/bigintcalc/bigintcalc.sty
)) (d:/Program Files/texlive/2024/texmf-dist/tex/latex/base/atbegshi-ltx.sty))
(d:/Program Files/texlive/2024/texmf-dist/tex/latex/hyperref/hpdftex.def
(d:/Program Files/texlive/2024/texmf-dist/tex/latex/base/atveryend-ltx.sty)
(d:/Program Files/texlive/2024/texmf-dist/tex/latex/rerunfilecheck/rerunfileche
ck.sty
(d:/Program Files/texlive/2024/texmf-dist/tex/generic/uniquecounter/uniquecount
er.sty)))
(d:/Program Files/texlive/2024/texmf-dist/tex/latex/l3backend/l3backend-pdftex.
def) (tmp/main_m1.aux)
(d:/Program Files/texlive/2024/texmf-dist/tex/context/base/mkii/supp-pdf.mkii
[Loading MPS to PDF converter (version 2006.09.02).]
)
(d:/Program Files/texlive/2024/texmf-dist/tex/latex/epstopdf-pkg/epstopdf-base.
sty
(d:/Program Files/texlive/2024/texmf-dist/tex/latex/latexconfig/epstopdf-sys.cf
g))
*geometry* driver: auto-detecting
*geometry* detected driver: pdftex
(tmp/main_m1.out) (tmp/main_m1.out)
(d:/Program Files/texlive/2024/texmf-dist/tex/latex/amsfonts/umsa.fd)
(d:/Program Files/texlive/2024/texmf-dist/tex/latex/amsfonts/umsb.fd) [1{d:/Pro
gram Files/texlive/2024/texmf-var/fonts/map/pdftex/updmap/pdftex.map}] [2{d:/Pr
ogram Files/texlive/2024/texmf-dist/fonts/enc/dvips/cm-super/cm-super-ts1.enc}]

Underfull \hbox (badness 1297) in paragraph at lines 284--311
\OT1/cmr/m/it/10 power (R10 G4): \OT1/cmr/m/n/10 the dic-tio-nary con-tains pow
-ers

Underfull \hbox (badness 1199) in paragraph at lines 284--311
\OT1/cmr/m/n/10 re-verified af-ter round-ing; a nec-es-sary row bound

Underfull \hbox (badness 2486) in paragraph at lines 284--311
\OT1/cmr/m/n/10 per atom and $\OMS/cmsy/m/n/10 ^^T \OT1/cmr/m/n/10 0\OML/cmm/m/
it/10 :\OT1/cmr/m/n/10 01$ design-weighted. \OT1/cmr/m/it/10 A-risk

Underfull \hbox (badness 10000) in paragraph at lines 284--311
\OT1/cmtt/m/n/10 CONTINUOUS[]CERTIFICATE[]FAIL\OT1/cmr/m/n/10 ,

Underfull \hbox (badness 10000) in paragraph at lines 284--311
\OT1/cmtt/m/n/10 SPECTRAL[]GUARD[]FAIL\OT1/cmr/m/n/10 , \OT1/cmtt/m/n/10 A[]RIS
K[]GUARD[]FAIL\OT1/cmr/m/n/10 ,

Underfull \hbox (badness 10000) in paragraph at lines 284--311
\OT1/cmtt/m/n/10 DOSE[]GUARD[]FAIL\OT1/cmr/m/n/10 , \OT1/cmtt/m/n/10 ROUNDING[]
FAIL\OT1/cmr/m/n/10 ), whose pre-de-

Underfull \hbox (badness 6842) in paragraph at lines 313--313
[]\OT1/cmr/bx/n/14.4 Theory: the jitter-capped
[3]
Underfull \hbox (badness 10000) in paragraph at lines 355--358
[][]\OT1/cmr/m/it/10 For

Underfull \hbox (badness 10000) in paragraph at lines 375--376
[][]\OT1/cmr/m/it/10 Under stan-dard

Underfull \hbox (badness 10000) in paragraph at lines 392--394
[][]\OT1/cmr/m/it/10 For

Underfull \hbox (badness 7415) in paragraph at lines 471--471
[]\OT1/cmr/m/n/10 Table 1: []Refined-sweep scalar count in-for-ma-

Underfull \hbox (badness 1189) in paragraph at lines 471--471
\OT1/cmr/m/n/10 tion $\OML/cmm/m/it/10 J\OT1/cmr/m/n/10 (\OML/cmm/m/it/10 ^^Z; 
^^W \OT1/cmr/m/n/10 = 2000\OML/cmm/m/it/10 ; c[]\OT1/cmr/m/n/10 )$ for log-nor-
mal hold times

Underfull \hbox (badness 1803) in paragraph at lines 471--471
\OT1/cmr/m/n/10 (\OT1/cmtt/m/n/10 docs/R14[]PREREGISTERED[]PREDICTIONS.md\OT1/c
mr/m/n/10 , com-mit
[4]
Underfull \hbox (badness 1983) in paragraph at lines 537--544
\OT1/cmr/m/n/10 At a fixed de-sign it-er-ate with di-rec-tional val-ues

Underfull \hbox (badness 10000) in paragraph at lines 547--549
[][]

Underfull \hbox (badness 1102) in paragraph at lines 595--603
 []\OT1/cmr/bx/n/10 Geometry and con-stants.[] $\OML/cmm/m/it/10 n \OT1/cmr/m/n
/10 = 32[] = 1024$;

Underfull \hbox (badness 1917) in paragraph at lines 605--612
 []\OT1/cmr/bx/n/10 Scenes.[] \OT1/cmr/m/n/10 Twenty-four fresh con-fir-ma-tory
 in-stances
[5]
Underfull \hbox (badness 10000) in paragraph at lines 651--652
[]\OT1/cmr/m/n/9 variable-load exact-kernel

Underfull \hbox (badness 1810) in paragraph at lines 651--652
\OT1/cmr/m/n/9 relaxed-KW cer-tifi-cate vs.

Underfull \hbox (badness 1430) in paragraph at lines 655--655
[]\OT1/cmr/m/n/9 frozen scat-tered $\OML/cmm/m/it/9 k \OT1/cmr/m/n/9 = 16$

Underfull \hbox (badness 5064) in paragraph at lines 657--658
[]\OT1/cmr/m/n/9 committed clus-tered sup-

Underfull \hbox (badness 10000) in paragraph at lines 659--660
[]\OT1/cmr/m/n/9 dwell-dependent ridge-

Underfull \hbox (badness 1796) in paragraph at lines 666--678
 []\OT1/cmr/bx/n/10 Endpoints and gate.[] \OT1/cmr/m/n/10 The frozen $\OML/cmm/
m/it/10 Q[]$ \OT1/cmr/m/n/10 time-to-

Underfull \hbox (badness 1881) in paragraph at lines 695--696
[]\OT1/cmr/m/n/10 [M1: METHOD[]SPEED[]PASS ver-dict --- me-dian

Package hyperref Warning: Token not allowed in a PDF string (Unicode):
(hyperref)                removing `math shift' on input line 697.


Package hyperref Warning: Token not allowed in a PDF string (Unicode):
(hyperref)                removing `superscript' on input line 697.


Package hyperref Warning: Token not allowed in a PDF string (Unicode):
(hyperref)                removing `\ast' on input line 697.


Package hyperref Warning: Token not allowed in a PDF string (Unicode):
(hyperref)                removing `math shift' on input line 697.


Underfull \hbox (badness 1521) in paragraph at lines 703--704
[]\OT1/cmr/m/n/10 [M1: METHOD[]FIXED[]DWELL[]PASS --- me-dian

Underfull \hbox (badness 10000) in paragraph at lines 705--705
[]\OT1/cmr/bx/n/12 RIDGE-FIXED operating-point
[6]
Underfull \hbox (badness 1789) in paragraph at lines 765--774
\OT1/cmr/m/n/10 The two arms ex-pose con-ju-gate re-source regimes

Underfull \hbox (badness 1371) in paragraph at lines 765--774
\OT1/cmr/m/n/10 of the same dead-time in-for-ma-tion map. Un-der

Underfull \hbox (badness 1014) in paragraph at lines 765--774
\OT1/cmr/m/n/10 and \OT1/cmr/m/it/10 avoids \OT1/cmr/m/n/10 the ridge; the ridg
e be-longs to time-

Underfull \hbox (badness 1831) in paragraph at lines 798--815
\OT1/cmr/m/n/10 zone load ar-chi-tec-ture and incident-budget con-ju-

Underfull \hbox (badness 1122) in paragraph at lines 798--815
\OT1/cmr/m/n/10 gacy (R11), the M1 freeze au-dit (R13), and the

Underfull \hbox (badness 1314) in paragraph at lines 798--815
\OT1/cmr/m/n/10 uni-fi-ca-tion rul-ing (R14, is-sue ``R14 rul-ing: uni-fi-

Underfull \hbox (badness 1303) in paragraph at lines 798--815
\OT1/cmr/m/n/10 rows, were reg-is-tered be-fore the sweep com-pleted

Underfull \hbox (badness 1803) in paragraph at lines 798--815
\OT1/cmr/m/n/10 (\OT1/cmtt/m/n/10 docs/R14[]PREREGISTERED[]PREDICTIONS.md\OT1/c
mr/m/n/10 , com-mit
(tmp/main_m1.bbl [7]
Underfull \hbox (badness 1205) in paragraph at lines 21--24
[]\OT1/cmr/m/n/10 Matthew P. Edgar, Gra-ham M. Gib-son, and

Underfull \hbox (badness 1067) in paragraph at lines 31--35
[]\OT1/cmr/m/n/10 Ma, Xu, and Maleki.  Sensing-matrix de-sign

Underfull \hbox (badness 1584) in paragraph at lines 49--53
[]\OT1/cmr/m/n/10 Ery Arias-Castro, Em-manuel J. Cand^^Res, and

Underfull \hbox (badness 1968) in paragraph at lines 49--53
\OT1/cmr/m/n/10 its of adap-tive sens-ing.  \OT1/cmr/m/it/10 IEEE Trans-ac-tion
s

Underfull \hbox (badness 3098) in paragraph at lines 49--53
\OT1/cmr/m/it/10 on In-for-ma-tion The-ory\OT1/cmr/m/n/10 , 59(1):472--481, 201
3.

Underfull \hbox (badness 1521) in paragraph at lines 55--59
\OT1/cmr/m/n/10 with ap-pli-ca-tion to single-photon li-dar, 2026.
) [8] (tmp/main_m1.aux) )
(see the transcript file for additional information)<d:/Program Files/texlive/2
024/texmf-dist/fonts/type1/public/amsfonts/cm/cmbx10.pfb><d:/Program Files/texl
ive/2024/texmf-dist/fonts/type1/public/amsfonts/cm/cmbx12.pfb><d:/Program Files
/texlive/2024/texmf-dist/fonts/type1/public/amsfonts/cm/cmcsc10.pfb><d:/Program
 Files/texlive/2024/texmf-dist/fonts/type1/public/amsfonts/cm/cmex10.pfb><d:/Pr
ogram Files/texlive/2024/texmf-dist/fonts/type1/public/amsfonts/cm/cmmi10.pfb><
d:/Program Files/texlive/2024/texmf-dist/fonts/type1/public/amsfonts/cm/cmmi5.p
fb><d:/Program Files/texlive/2024/texmf-dist/fonts/type1/public/amsfonts/cm/cmm
i6.pfb><d:/Program Files/texlive/2024/texmf-dist/fonts/type1/public/amsfonts/cm
/cmmi7.pfb><d:/Program Files/texlive/2024/texmf-dist/fonts/type1/public/amsfont
s/cm/cmmi8.pfb><d:/Program Files/texlive/2024/texmf-dist/fonts/type1/public/ams
fonts/cm/cmmi9.pfb><d:/Program Files/texlive/2024/texmf-dist/fonts/type1/public
/amsfonts/cm/cmr10.pfb><d:/Program Files/texlive/2024/texmf-dist/fonts/type1/pu
blic/amsfonts/cm/cmr12.pfb><d:/Program Files/texlive/2024/texmf-dist/fonts/type
1/public/amsfonts/cm/cmr17.pfb><d:/Program Files/texlive/2024/texmf-dist/fonts/
type1/public/amsfonts/cm/cmr5.pfb><d:/Program Files/texlive/2024/texmf-dist/fon
ts/type1/public/amsfonts/cm/cmr6.pfb><d:/Program Files/texlive/2024/texmf-dist/
fonts/type1/public/amsfonts/cm/cmr7.pfb><d:/Program Files/texlive/2024/texmf-di
st/fonts/type1/public/amsfonts/cm/cmr8.pfb><d:/Program Files/texlive/2024/texmf
-dist/fonts/type1/public/amsfonts/cm/cmr9.pfb><d:/Program Files/texlive/2024/te
xmf-dist/fonts/type1/public/amsfonts/cm/cmsy10.pfb><d:/Program Files/texlive/20
24/texmf-dist/fonts/type1/public/amsfonts/cm/cmsy5.pfb><d:/Program Files/texliv
e/2024/texmf-dist/fonts/type1/public/amsfonts/cm/cmsy7.pfb><d:/Program Files/te
xlive/2024/texmf-dist/fonts/type1/public/amsfonts/cm/cmsy8.pfb><d:/Program File
s/texlive/2024/texmf-dist/fonts/type1/public/amsfonts/cm/cmsy9.pfb><d:/Program 
Files/texlive/2024/texmf-dist/fonts/type1/public/amsfonts/cm/cmti10.pfb><d:/Pro
gram Files/texlive/2024/texmf-dist/fonts/type1/public/amsfonts/cm/cmtt10.pfb><d
:/Program Files/texlive/2024/texmf-dist/fonts/type1/public/amsfonts/symbols/msb
m10.pfb><d:/Program Files/texlive/2024/texmf-dist/fonts/type1/public/cm-super/s
frm1000.pfb>
Output written on tmp/main_m1.pdf (8 pages, 387951 bytes).
Transcript written on tmp/main_m1.log.
