This is pdfTeX, Version 3.141592653-2.6-1.40.26 (TeX Live 2024) (preloaded format=pdflatex)
 restricted \write18 enabled.
entering extended mode
(./main_m1.tex
LaTeX2e <2023-11-01> patch level 1
L3 programming layer <2024-02-20>
(d:/Program Files/texlive/2024/texmf-dist/tex/latex/base/article.cls
Document Class: article 2023/05/17 v1.4n Standard LaTeX document class
(d:/Program Files/texlive/2024/texmf-dist/tex/latex/base/size10.clo))
(d:/Program Files/texlive/2024/texmf-dist/tex/latex/amsmath/amsmath.sty
For additional information on amsmath, use the `?' option.
(d:/Program Files/texlive/2024/texmf-dist/tex/latex/amsmath/amstext.sty
(d:/Program Files/texlive/2024/texmf-dist/tex/latex/amsmath/amsgen.sty))
(d:/Program Files/texlive/2024/texmf-dist/tex/latex/amsmath/amsbsy.sty)
(d:/Program Files/texlive/2024/texmf-dist/tex/latex/amsmath/amsopn.sty))
(d:/Program Files/texlive/2024/texmf-dist/tex/latex/amsfonts/amssymb.sty
(d:/Program Files/texlive/2024/texmf-dist/tex/latex/amsfonts/amsfonts.sty))
(d:/Program Files/texlive/2024/texmf-dist/tex/latex/tools/bm.sty)
(d:/Program Files/texlive/2024/texmf-dist/tex/latex/graphics/graphicx.sty
(d:/Program Files/texlive/2024/texmf-dist/tex/latex/graphics/keyval.sty)
(d:/Program Files/texlive/2024/texmf-dist/tex/latex/graphics/graphics.sty
(d:/Program Files/texlive/2024/texmf-dist/tex/latex/graphics/trig.sty)
(d:/Program Files/texlive/2024/texmf-dist/tex/latex/graphics-cfg/graphics.cfg)
(d:/Program Files/texlive/2024/texmf-dist/tex/latex/graphics-def/pdftex.def)))
(d:/Program Files/texlive/2024/texmf-dist/tex/latex/geometry/geometry.sty
(d:/Program Files/texlive/2024/texmf-dist/tex/generic/iftex/ifvtex.sty
(d:/Program Files/texlive/2024/texmf-dist/tex/generic/iftex/iftex.sty)))
(d:/Program Files/texlive/2024/texmf-dist/tex/latex/xcolor/xcolor.sty
(d:/Program Files/texlive/2024/texmf-dist/tex/latex/graphics-cfg/color.cfg)
(d:/Program Files/texlive/2024/texmf-dist/tex/latex/graphics/mathcolor.ltx))
(d:/Program Files/texlive/2024/texmf-dist/tex/latex/hyperref/hyperref.sty
(d:/Program Files/texlive/2024/texmf-dist/tex/latex/kvsetkeys/kvsetkeys.sty)
(d:/Program Files/texlive/2024/texmf-dist/tex/generic/kvdefinekeys/kvdefinekeys
.sty)
(d:/Program Files/texlive/2024/texmf-dist/tex/generic/pdfescape/pdfescape.sty
(d:/Program Files/texlive/2024/texmf-dist/tex/generic/ltxcmds/ltxcmds.sty)
(d:/Program Files/texlive/2024/texmf-dist/tex/generic/pdftexcmds/pdftexcmds.sty
(d:/Program Files/texlive/2024/texmf-dist/tex/generic/infwarerr/infwarerr.sty))
) (d:/Program Files/texlive/2024/texmf-dist/tex/latex/hycolor/hycolor.sty)
(d:/Program Files/texlive/2024/texmf-dist/tex/latex/auxhook/auxhook.sty)
(d:/Program Files/texlive/2024/texmf-dist/tex/latex/hyperref/nameref.sty
(d:/Program Files/texlive/2024/texmf-dist/tex/latex/refcount/refcount.sty)
(d:/Program Files/texlive/2024/texmf-dist/tex/generic/gettitlestring/gettitlest
ring.sty
(d:/Program Files/texlive/2024/texmf-dist/tex/latex/kvoptions/kvoptions.sty)))
(d:/Program Files/texlive/2024/texmf-dist/tex/latex/etoolbox/etoolbox.sty)
(d:/Program Files/texlive/2024/texmf-dist/tex/latex/hyperref/pd1enc.def)
(d:/Program Files/texlive/2024/texmf-dist/tex/generic/intcalc/intcalc.sty)
(d:/Program Files/texlive/2024/texmf-dist/tex/latex/hyperref/puenc.def)
(d:/Program Files/texlive/2024/texmf-dist/tex/latex/url/url.sty)
(d:/Program Files/texlive/2024/texmf-dist/tex/generic/bitset/bitset.sty
(d:/Program Files/texlive/2024/texmf-dist/tex/generic/bigintcalc/bigintcalc.sty
)) (d:/Program Files/texlive/2024/texmf-dist/tex/latex/base/atbegshi-ltx.sty))
(d:/Program Files/texlive/2024/texmf-dist/tex/latex/hyperref/hpdftex.def
(d:/Program Files/texlive/2024/texmf-dist/tex/latex/base/atveryend-ltx.sty)
(d:/Program Files/texlive/2024/texmf-dist/tex/latex/rerunfilecheck/rerunfileche
ck.sty
(d:/Program Files/texlive/2024/texmf-dist/tex/generic/uniquecounter/uniquecount
er.sty)))
(d:/Program Files/texlive/2024/texmf-dist/tex/latex/l3backend/l3backend-pdftex.
def) (tmp/main_m1.aux)
(d:/Program Files/texlive/2024/texmf-dist/tex/context/base/mkii/supp-pdf.mkii
[Loading MPS to PDF converter (version 2006.09.02).]
)
(d:/Program Files/texlive/2024/texmf-dist/tex/latex/epstopdf-pkg/epstopdf-base.
sty
(d:/Program Files/texlive/2024/texmf-dist/tex/latex/latexconfig/epstopdf-sys.cf
g))
*geometry* driver: auto-detecting
*geometry* detected driver: pdftex
(tmp/main_m1.out) (tmp/main_m1.out)
(d:/Program Files/texlive/2024/texmf-dist/tex/latex/amsfonts/umsa.fd)
(d:/Program Files/texlive/2024/texmf-dist/tex/latex/amsfonts/umsb.fd)
Underfull \vbox (badness 10000) has occurred while \output is active [1{d:/Prog
ram Files/texlive/2024/texmf-var/fonts/map/pdftex/updmap/pdftex.map}]
Underfull \hbox (badness 5245) in paragraph at lines 160--178
\OT1/cmr/m/n/10 information law (Sec-tion []2[]): an ex-act missing-

Underfull \vbox (badness 10000) has occurred while \output is active
Underfull \hbox (badness 10000) in paragraph at lines 207--210
[][]\OT1/cmr/m/it/10 For

Underfull \hbox (badness 10000) in paragraph at lines 227--228
[][]\OT1/cmr/m/it/10 Under stan-dard

Underfull \hbox (badness 10000) in paragraph at lines 244--246
[][]\OT1/cmr/m/it/10 For
[2]
Underfull \hbox (badness 6708) in paragraph at lines 327--327
[]\OT1/cmr/m/n/10 Table 1: []Scalar count in-for-ma-tion $\OML/cmm/m/it/10 J\OT
1/cmr/m/n/10 (\OML/cmm/m/it/10 ^^Z; ^^W \OT1/cmr/m/n/10 =

Underfull \hbox (badness 2158) in paragraph at lines 327--327
\OT1/cmr/m/n/10 mea-sure-ment against the exact-law pre-dic-tions of

Underfull \hbox (badness 5091) in paragraph at lines 327--327
\OT1/cmr/m/n/10 The-o-rem []3[]/Eq. ([]5[]), reg-is-tered \OT1/cmr/m/it/10 be-f
ore \OT1/cmr/m/n/10 the data

Underfull \hbox (badness 1803) in paragraph at lines 327--327
\OT1/cmr/m/n/10 (\OT1/cmtt/m/n/10 docs/R14[]PREREGISTERED[]PREDICTIONS.md\OT1/c
mr/m/n/10 , com-mit
[3]
Underfull \hbox (badness 3039) in paragraph at lines 457--459
[]$\OML/cmm/m/it/8 V[] \OMS/cmsy/m/n/8 ^^W \OT1/cmr/m/n/8 0\OML/cmm/m/it/8 :\OT
1/cmr/m/n/8 5 \OML/cmm/m/it/8 V[]$\OT1/cmr/m/n/8 ; $[](\OML/cmm/m/it/8 V[]\OT1/
cmr/m/n/8 ) \OMS/cmsy/m/n/8 ^^T

Underfull \hbox (badness 1762) in paragraph at lines 505--519
\OT1/cmr/m/n/10 Every true in-te-rior op-ti-mum of the de-clared de-
[4{d:/Program Files/texlive/2024/texmf-dist/fonts/enc/dvips/cm-super/cm-super-t
s1.enc}]
Underfull \hbox (badness 1102) in paragraph at lines 555--563
 []\OT1/cmr/bx/n/10 Geometry and con-stants.[] $\OML/cmm/m/it/10 n \OT1/cmr/m/n
/10 = 32[] = 1024$;

Underfull \hbox (badness 1917) in paragraph at lines 565--572
 []\OT1/cmr/bx/n/10 Scenes.[] \OT1/cmr/m/n/10 Twenty-four fresh con-fir-ma-tory
 in-stances

Underfull \hbox (badness 10000) in paragraph at lines 609--610
[]\OT1/cmr/m/n/9 variable-load exact-kernel

Underfull \hbox (badness 1810) in paragraph at lines 609--610
\OT1/cmr/m/n/9 relaxed-KW cer-tifi-cate vs.

Underfull \hbox (badness 1430) in paragraph at lines 613--613
[]\OT1/cmr/m/n/9 frozen scat-tered $\OML/cmm/m/it/9 k \OT1/cmr/m/n/9 = 16$

Underfull \hbox (badness 5064) in paragraph at lines 615--616
[]\OT1/cmr/m/n/9 committed clus-tered sup-

Underfull \hbox (badness 10000) in paragraph at lines 617--618
[]\OT1/cmr/m/n/9 dwell-dependent ridge-

Underfull \hbox (badness 1796) in paragraph at lines 624--636
 []\OT1/cmr/bx/n/10 Endpoints and gate.[] \OT1/cmr/m/n/10 The frozen $\OML/cmm/
m/it/10 Q[]$ \OT1/cmr/m/n/10 time-to-
[5]
Underfull \hbox (badness 1881) in paragraph at lines 654--655
[]\OT1/cmr/m/n/10 [M1: METHOD[]SPEED[]PASS ver-dict --- me-dian

Package hyperref Warning: Token not allowed in a PDF string (Unicode):
(hyperref)                removing `math shift' on input line 656.


Package hyperref Warning: Token not allowed in a PDF string (Unicode):
(hyperref)                removing `superscript' on input line 656.


Package hyperref Warning: Token not allowed in a PDF string (Unicode):
(hyperref)                removing `\ast' on input line 656.


Package hyperref Warning: Token not allowed in a PDF string (Unicode):
(hyperref)                removing `math shift' on input line 656.


Underfull \hbox (badness 1521) in paragraph at lines 662--663
[]\OT1/cmr/m/n/10 [M1: METHOD[]FIXED[]DWELL[]PASS --- me-dian

Underfull \hbox (badness 7540) in paragraph at lines 693--693
[]\OT1/cmr/bx/n/14.4 Discussion: the op-er-at-ing

Underfull \hbox (badness 1789) in paragraph at lines 697--706
\OT1/cmr/m/n/10 The two arms ex-pose con-ju-gate re-source regimes

Underfull \hbox (badness 1371) in paragraph at lines 697--706
\OT1/cmr/m/n/10 of the same dead-time in-for-ma-tion map. Un-der

Underfull \hbox (badness 1014) in paragraph at lines 697--706
\OT1/cmr/m/n/10 and \OT1/cmr/m/it/10 avoids \OT1/cmr/m/n/10 the ridge; the ridg
e be-longs to time-

Underfull \hbox (badness 1038) in paragraph at lines 738--742
[]\OT1/cmr/m/n/8 jitter-capped op-ti-mum from $\OML/cmm/m/it/8 c[]^^Z[]\OT1/cmr
/m/n/8 (1 +

Underfull \hbox (badness 1038) in paragraph at lines 742--745
[]\OT1/cmr/m/n/8 common $52$-pattern pre-scan $\OMS/cmsy/m/n/8 !$ \OT1/cmr/m/n/
8 mea-

Underfull \hbox (badness 10000) in paragraph at lines 745--749
[]\OT1/cmr/m/n/8 photon-budgeted: cer-ti-fied \OT1/cmr/m/sc/8 OED-DT

Underfull \hbox (badness 10000) in paragraph at lines 745--749
\OT1/cmr/m/n/8 frozen dic-tio-nary); time-budgeted:

Underfull \hbox (badness 2035) in paragraph at lines 756--762
[]\OT1/cmr/m/n/10 Two scope bound-aries stand. All re-sults are
[6]
Underfull \hbox (badness 1831) in paragraph at lines 778--800
\OT1/cmr/m/n/10 zone load ar-chi-tec-ture and incident-budget con-ju-

Underfull \hbox (badness 1122) in paragraph at lines 778--800
\OT1/cmr/m/n/10 gacy (R11), the M1 freeze au-dit (R13), and the

Underfull \hbox (badness 1314) in paragraph at lines 778--800
\OT1/cmr/m/n/10 uni-fi-ca-tion rul-ing (R14, is-sue ``R14 rul-ing: uni-fi-

Underfull \hbox (badness 1303) in paragraph at lines 778--800
\OT1/cmr/m/n/10 rows, were reg-is-tered be-fore the sweep com-pleted

Underfull \hbox (badness 1803) in paragraph at lines 778--800
\OT1/cmr/m/n/10 (\OT1/cmtt/m/n/10 docs/R14[]PREREGISTERED[]PREDICTIONS.md\OT1/c
mr/m/n/10 , com-mit
(tmp/main_m1.bbl
Underfull \hbox (badness 1205) in paragraph at lines 21--24
[]\OT1/cmr/m/n/10 Matthew P. Edgar, Gra-ham M. Gib-son, and

Underfull \hbox (badness 1067) in paragraph at lines 31--35
[]\OT1/cmr/m/n/10 Ma, Xu, and Maleki.  Sensing-matrix de-sign
[7]
Underfull \hbox (badness 1584) in paragraph at lines 49--53
[]\OT1/cmr/m/n/10 Ery Arias-Castro, Em-manuel J. Cand^^Res, and

Underfull \hbox (badness 1968) in paragraph at lines 49--53
\OT1/cmr/m/n/10 its of adap-tive sens-ing.  \OT1/cmr/m/it/10 IEEE Trans-ac-tion
s

Underfull \hbox (badness 3098) in paragraph at lines 49--53
\OT1/cmr/m/it/10 on In-for-ma-tion The-ory\OT1/cmr/m/n/10 , 59(1):472--481, 201
3.

Underfull \hbox (badness 1521) in paragraph at lines 55--59
\OT1/cmr/m/n/10 with ap-pli-ca-tion to single-photon li-dar, 2026.
) [8] (tmp/main_m1.aux) )
(see the transcript file for additional information)<d:/Program Files/texlive/2
024/texmf-dist/fonts/type1/public/amsfonts/cm/cmbx10.pfb><d:/Program Files/texl
ive/2024/texmf-dist/fonts/type1/public/amsfonts/cm/cmbx12.pfb><d:/Program Files
/texlive/2024/texmf-dist/fonts/type1/public/amsfonts/cm/cmcsc10.pfb><d:/Program
 Files/texlive/2024/texmf-dist/fonts/type1/public/amsfonts/cm/cmex10.pfb><d:/Pr
ogram Files/texlive/2024/texmf-dist/fonts/type1/public/amsfonts/cmextra/cmex8.p
fb><d:/Program Files/texlive/2024/texmf-dist/fonts/type1/public/amsfonts/cm/cmm
i10.pfb><d:/Program Files/texlive/2024/texmf-dist/fonts/type1/public/amsfonts/c
m/cmmi5.pfb><d:/Program Files/texlive/2024/texmf-dist/fonts/type1/public/amsfon
ts/cm/cmmi6.pfb><d:/Program Files/texlive/2024/texmf-dist/fonts/type1/public/am
sfonts/cm/cmmi7.pfb><d:/Program Files/texlive/2024/texmf-dist/fonts/type1/publi
c/amsfonts/cm/cmmi8.pfb><d:/Program Files/texlive/2024/texmf-dist/fonts/type1/p
ublic/amsfonts/cm/cmmi9.pfb><d:/Program Files/texlive/2024/texmf-dist/fonts/typ
e1/public/amsfonts/cm/cmr10.pfb><d:/Program Files/texlive/2024/texmf-dist/fonts
/type1/public/amsfonts/cm/cmr12.pfb><d:/Program Files/texlive/2024/texmf-dist/f
onts/type1/public/amsfonts/cm/cmr17.pfb><d:/Program Files/texlive/2024/texmf-di
st/fonts/type1/public/amsfonts/cm/cmr5.pfb><d:/Program Files/texlive/2024/texmf
-dist/fonts/type1/public/amsfonts/cm/cmr6.pfb><d:/Program Files/texlive/2024/te
xmf-dist/fonts/type1/public/amsfonts/cm/cmr7.pfb><d:/Program Files/texlive/2024
/texmf-dist/fonts/type1/public/amsfonts/cm/cmr8.pfb><d:/Program Files/texlive/2
024/texmf-dist/fonts/type1/public/amsfonts/cm/cmr9.pfb><d:/Program Files/texliv
e/2024/texmf-dist/fonts/type1/public/amsfonts/cm/cmsy10.pfb><d:/Program Files/t
exlive/2024/texmf-dist/fonts/type1/public/amsfonts/cm/cmsy5.pfb><d:/Program Fil
es/texlive/2024/texmf-dist/fonts/type1/public/amsfonts/cm/cmsy6.pfb><d:/Program
 Files/texlive/2024/texmf-dist/fonts/type1/public/amsfonts/cm/cmsy7.pfb><d:/Pro
gram Files/texlive/2024/texmf-dist/fonts/type1/public/amsfonts/cm/cmsy8.pfb><d:
/Program Files/texlive/2024/texmf-dist/fonts/type1/public/amsfonts/cm/cmti10.pf
b><d:/Program Files/texlive/2024/texmf-dist/fonts/type1/public/amsfonts/cm/cmtt
10.pfb><d:/Program Files/texlive/2024/texmf-dist/fonts/type1/public/amsfonts/sy
mbols/msam10.pfb><d:/Program Files/texlive/2024/texmf-dist/fonts/type1/public/a
msfonts/symbols/msbm10.pfb><d:/Program Files/texlive/2024/texmf-dist/fonts/type
1/public/cm-super/sfrm1000.pfb>
Output written on tmp/main_m1.pdf (8 pages, 404892 bytes).
Transcript written on tmp/main_m1.log.
