[r16f cv=0.2]  1/29 rho= 1.7500 J_MI=0.56696 J_CS=0.56791 J_HIST(base)=0.56638 tail<50=0.0001 (321s)
[r16f cv=0.2]  2/29 rho= 1.7750 J_MI=0.56804 J_CS=0.56700 J_HIST(base)=0.56912 tail<50=0.0002 (641s)
[r16f cv=0.2]  3/29 rho= 1.8000 J_MI=0.56908 J_CS=0.56972 J_HIST(base)=0.56894 tail<50=0.0001 (966s)
[r16f cv=0.2]  4/29 rho= 1.8250 J_MI=0.57009 J_CS=0.56970 J_HIST(base)=0.57056 tail<50=0.0002 (1289s)
[r16f cv=0.2]  5/29 rho= 1.8500 J_MI=0.57098 J_CS=0.57096 J_HIST(base)=0.57129 tail<50=0.0002 (1613s)
[r16f cv=0.2]  6/29 rho= 1.8750 J_MI=0.57173 J_CS=0.57303 J_HIST(base)=0.57091 tail<50=0.0002 (1940s)
[r16f cv=0.2]  7/29 rho= 1.9000 J_MI=0.57232 J_CS=0.57203 J_HIST(base)=0.57383 tail<50=0.0002 (2268s)
[r16f cv=0.2]  8/29 rho= 1.9250 J_MI=0.57323 J_CS=0.57277 J_HIST(base)=0.57394 tail<50=0.0002 (2596s)
[r16f cv=0.2]  9/29 rho= 1.9500 J_MI=0.57372 J_CS=0.57328 J_HIST(base)=0.57477 tail<50=0.0002 (2924s)
[r16f cv=0.2] 10/29 rho= 1.9750 J_MI=0.57429 J_CS=0.57454 J_HIST(base)=0.57435 tail<50=0.0002 (3253s)
[r16f cv=0.2] 11/29 rho= 2.0000 J_MI=0.57473 J_CS=0.57529 J_HIST(base)=0.57530 tail<50=0.0001 (3583s)
[r16f cv=0.2] 12/29 rho= 2.0250 J_MI=0.57519 J_CS=0.57577 J_HIST(base)=0.57432 tail<50=0.0001 (3915s)
[r16f cv=0.2] 13/29 rho= 2.0500 J_MI=0.57559 J_CS=0.57453 J_HIST(base)=0.57701 tail<50=0.0002 (4246s)
[r16f cv=0.2] 14/29 rho= 2.0750 J_MI=0.57543 J_CS=0.57599 J_HIST(base)=0.57602 tail<50=0.0002 (4581s)
[r16f cv=0.2] 15/29 rho= 2.1000 J_MI=0.57591 J_CS=0.57716 J_HIST(base)=0.57509 tail<50=0.0002 (4915s)
[r16f cv=0.2] 16/29 rho= 2.1250 J_MI=0.57592 J_CS=0.57561 J_HIST(base)=0.57620 tail<50=0.0001 (5251s)
[r16f cv=0.2] 17/29 rho= 2.1500 J_MI=0.57619 J_CS=0.57637 J_HIST(base)=0.57604 tail<50=0.0001 (5587s)
[r16f cv=0.2] 18/29 rho= 2.1750 J_MI=0.57600 J_CS=0.57652 J_HIST(base)=0.57594 tail<50=0.0002 (5924s)
[r16f cv=0.2] 19/29 rho= 2.2000 J_MI=0.57595 J_CS=0.57603 J_HIST(base)=0.57652 tail<50=0.0002 (6263s)
[r16f cv=0.2] 20/29 rho= 2.2250 J_MI=0.57577 J_CS=0.57558 J_HIST(base)=0.57690 tail<50=0.0001 (6601s)
[r16f cv=0.2] 21/29 rho= 2.2500 J_MI=0.57576 J_CS=0.57476 J_HIST(base)=0.57698 tail<50=0.0002 (6940s)
[r16f cv=0.2] 22/29 rho= 2.2750 J_MI=0.57548 J_CS=0.57521 J_HIST(base)=0.57588 tail<50=0.0001 (7281s)
[r16f cv=0.2] 23/29 rho= 2.3000 J_MI=0.57531 J_CS=0.57459 J_HIST(base)=0.57634 tail<50=0.0002 (7622s)
[r16f cv=0.2] 24/29 rho= 2.3250 J_MI=0.57494 J_CS=0.57500 J_HIST(base)=0.57511 tail<50=0.0002 (7965s)
[r16f cv=0.2] 25/29 rho= 2.3500 J_MI=0.57461 J_CS=0.57410 J_HIST(base)=0.57498 tail<50=0.0002 (8308s)
[r16f cv=0.2] 26/29 rho= 2.3750 J_MI=0.57438 J_CS=0.57540 J_HIST(base)=0.57324 tail<50=0.0002 (8650s)
[r16f cv=0.2] 27/29 rho= 2.4000 J_MI=0.57372 J_CS=0.57408 J_HIST(base)=0.57414 tail<50=0.0001 (8995s)
[r16f cv=0.2] 28/29 rho= 2.4250 J_MI=0.57349 J_CS=0.57302 J_HIST(base)=0.57421 tail<50=0.0002 (9342s)
[r16f cv=0.2] 29/29 rho= 2.4500 J_MI=0.57274 J_CS=0.57277 J_HIST(base)=0.57222 tail<50=0.0002 (9688s)
[r16f cv=0.2] point sweep done (9688s); starting 200-replicate peak bootstrap
[boot cv=0.2] 20/200 MI_cubic med=2.1500 (191s)
[boot cv=0.2] 40/200 MI_cubic med=2.1500 (388s)
[boot cv=0.2] 60/200 MI_cubic med=2.1500 (611s)
[boot cv=0.2] 80/200 MI_cubic med=2.1500 (833s)
[boot cv=0.2] 100/200 MI_cubic med=2.1500 (1031s)
[boot cv=0.2] 120/200 MI_cubic med=2.1500 (1217s)
[boot cv=0.2] 140/200 MI_cubic med=2.1500 (1401s)
[boot cv=0.2] 160/200 MI_cubic med=2.1500 (1612s)
[boot cv=0.2] 180/200 MI_cubic med=2.1500 (1831s)
[boot cv=0.2] 200/200 MI_cubic med=2.1500 (2050s)
[r16f cv=0.2] saved raw (N,L) -> /content/r16_diag/raw_nl_cv0.2.npz (244 MB)
CV_DONE 0.2
[r16f cv=0.0]  1/19 rho=20.0000 J_MI=0.93484 J_CS=0.93282 J_HIST(base)=0.93722 tail<50=0.0000 (314s)
[r16f cv=0.0]  2/19 rho=20.2500 J_MI=0.93497 J_CS=0.93484 J_HIST(base)=0.93533 tail<50=0.0000 (634s)
[r16f cv=0.0]  3/19 rho=20.5000 J_MI=0.93506 J_CS=0.93341 J_HIST(base)=0.93643 tail<50=0.0000 (950s)
[r16f cv=0.0]  4/19 rho=20.7500 J_MI=0.93517 J_CS=0.93426 J_HIST(base)=0.93636 tail<50=0.0000 (1289s)
[r16f cv=0.0]  5/19 rho=21.0000 J_MI=0.93523 J_CS=0.93549 J_HIST(base)=0.93454 tail<50=0.0000 (1625s)
[r16f cv=0.0]  6/19 rho=21.2500 J_MI=0.93533 J_CS=0.93519 J_HIST(base)=0.93570 tail<50=0.0000 (1963s)
[r16f cv=0.0]  7/19 rho=21.5000 J_MI=0.93537 J_CS=0.93463 J_HIST(base)=0.93577 tail<50=0.0000 (2300s)
[r16f cv=0.0]  8/19 rho=21.7500 J_MI=0.93542 J_CS=0.93585 J_HIST(base)=0.93516 tail<50=0.0000 (2638s)
[r16f cv=0.0]  9/19 rho=22.0000 J_MI=0.93543 J_CS=0.93438 J_HIST(base)=0.93657 tail<50=0.0000 (2976s)
[r16f cv=0.0] 10/19 rho=22.2500 J_MI=0.93545 J_CS=0.93441 J_HIST(base)=0.93708 tail<50=0.0000 (3317s)
[r16f cv=0.0] 11/19 rho=22.5000 J_MI=0.93542 J_CS=0.93743 J_HIST(base)=0.93313 tail<50=0.0000 (3655s)
[r16f cv=0.0] 12/19 rho=22.7500 J_MI=0.93544 J_CS=0.93522 J_HIST(base)=0.93624 tail<50=0.0000 (3994s)
[r16f cv=0.0] 13/19 rho=23.0000 J_MI=0.93540 J_CS=0.93425 J_HIST(base)=0.93696 tail<50=0.0000 (4336s)
[r16f cv=0.0] 14/19 rho=23.2500 J_MI=0.93532 J_CS=0.93633 J_HIST(base)=0.93474 tail<50=0.0000 (4681s)
[r16f cv=0.0] 15/19 rho=23.5000 J_MI=0.93528 J_CS=0.93557 J_HIST(base)=0.93491 tail<50=0.0000 (5020s)
[r16f cv=0.0] 16/19 rho=23.7500 J_MI=0.93520 J_CS=0.93581 J_HIST(base)=0.93406 tail<50=0.0000 (5361s)
[r16f cv=0.0] 17/19 rho=24.0000 J_MI=0.93511 J_CS=0.93509 J_HIST(base)=0.93550 tail<50=0.0000 (5699s)
[r16f cv=0.0] 18/19 rho=24.2500 J_MI=0.93503 J_CS=0.93313 J_HIST(base)=0.93740 tail<50=0.0000 (6039s)
[r16f cv=0.0] 19/19 rho=24.5000 J_MI=0.93490 J_CS=0.93621 J_HIST(base)=0.93373 tail<50=0.0000 (6378s)
[r16f cv=0.0] point sweep done (6378s); starting 200-replicate peak bootstrap
[boot cv=0.0] 20/200 MI_cubic med=22.2497 (101s)
[boot cv=0.0] 40/200 MI_cubic med=22.2497 (201s)
[boot cv=0.0] 60/200 MI_cubic med=22.2497 (302s)
[boot cv=0.0] 80/200 MI_cubic med=22.2497 (403s)
[boot cv=0.0] 100/200 MI_cubic med=22.2497 (503s)
[boot cv=0.0] 120/200 MI_cubic med=22.2497 (605s)
[boot cv=0.0] 140/200 MI_cubic med=22.2497 (706s)
[boot cv=0.0] 160/200 MI_cubic med=22.2497 (806s)
[boot cv=0.0] 180/200 MI_cubic med=22.2497 (906s)
[boot cv=0.0] 200/200 MI_cubic med=22.2497 (1008s)
[r16f cv=0.0] saved raw (N,L) -> /content/r16_diag/raw_nl_cv0.0.npz (142 MB)
CV_DONE cal_c0
PART_DONE B
