[r16f cv=0.02]  1/31 rho= 8.5000 J_MI=0.86646 J_CS=0.86892 J_HIST(base)=0.86420 tail<50=0.0001 (413s)
[r16f cv=0.02]  2/31 rho= 8.6000 J_MI=0.86685 J_CS=0.86608 J_HIST(base)=0.86781 tail<50=0.0001 (826s)
[r16f cv=0.02]  3/31 rho= 8.7000 J_MI=0.86727 J_CS=0.86790 J_HIST(base)=0.86682 tail<50=0.0001 (1240s)
[r16f cv=0.02]  4/31 rho= 8.8000 J_MI=0.86768 J_CS=0.86783 J_HIST(base)=0.86812 tail<50=0.0001 (1654s)
[r16f cv=0.02]  5/31 rho= 8.9000 J_MI=0.86797 J_CS=0.86839 J_HIST(base)=0.86840 tail<50=0.0001 (2069s)
[r16f cv=0.02]  6/31 rho= 9.0000 J_MI=0.86827 J_CS=0.86897 J_HIST(base)=0.86802 tail<50=0.0000 (2484s)
[r16f cv=0.02]  7/31 rho= 9.1000 J_MI=0.86856 J_CS=0.86878 J_HIST(base)=0.86876 tail<50=0.0000 (2900s)
[r16f cv=0.02]  8/31 rho= 9.2000 J_MI=0.86878 J_CS=0.86814 J_HIST(base)=0.86957 tail<50=0.0000 (3315s)
[r16f cv=0.02]  9/31 rho= 9.3000 J_MI=0.86900 J_CS=0.86644 J_HIST(base)=0.87197 tail<50=0.0000 (3731s)
[r16f cv=0.02] 10/31 rho= 9.4000 J_MI=0.86923 J_CS=0.87038 J_HIST(base)=0.86808 tail<50=0.0000 (4148s)
[r16f cv=0.02] 11/31 rho= 9.5000 J_MI=0.86948 J_CS=0.87053 J_HIST(base)=0.86851 tail<50=0.0000 (4564s)
[r16f cv=0.02] 12/31 rho= 9.6000 J_MI=0.86953 J_CS=0.86898 J_HIST(base)=0.86990 tail<50=0.0000 (4980s)
[r16f cv=0.02] 13/31 rho= 9.7000 J_MI=0.86963 J_CS=0.86991 J_HIST(base)=0.86968 tail<50=0.0000 (5397s)
[r16f cv=0.02] 14/31 rho= 9.8000 J_MI=0.86977 J_CS=0.87031 J_HIST(base)=0.86923 tail<50=0.0001 (5814s)
[r16f cv=0.02] 15/31 rho= 9.9000 J_MI=0.86985 J_CS=0.87081 J_HIST(base)=0.86905 tail<50=0.0001 (6231s)
[r16f cv=0.02] 16/31 rho=10.0000 J_MI=0.86991 J_CS=0.87092 J_HIST(base)=0.86962 tail<50=0.0000 (6650s)
[r16f cv=0.02] 17/31 rho=10.1000 J_MI=0.87000 J_CS=0.86923 J_HIST(base)=0.87102 tail<50=0.0000 (7068s)
[r16f cv=0.02] 18/31 rho=10.2000 J_MI=0.86994 J_CS=0.87163 J_HIST(base)=0.86890 tail<50=0.0000 (7488s)
[r16f cv=0.02] 19/31 rho=10.3000 J_MI=0.86999 J_CS=0.87039 J_HIST(base)=0.86917 tail<50=0.0000 (7909s)
[r16f cv=0.02] 20/31 rho=10.4000 J_MI=0.86989 J_CS=0.86935 J_HIST(base)=0.87049 tail<50=0.0000 (8334s)
[r16f cv=0.02] 21/31 rho=10.5000 J_MI=0.86984 J_CS=0.87013 J_HIST(base)=0.86962 tail<50=0.0000 (8756s)
[r16f cv=0.02] 22/31 rho=10.6000 J_MI=0.86981 J_CS=0.87016 J_HIST(base)=0.86976 tail<50=0.0000 (9178s)
[r16f cv=0.02] 23/31 rho=10.7000 J_MI=0.86974 J_CS=0.87009 J_HIST(base)=0.86929 tail<50=0.0000 (9601s)
[r16f cv=0.02] 24/31 rho=10.8000 J_MI=0.86959 J_CS=0.86966 J_HIST(base)=0.86957 tail<50=0.0001 (10024s)
[r16f cv=0.02] 25/31 rho=10.9000 J_MI=0.86953 J_CS=0.86767 J_HIST(base)=0.87139 tail<50=0.0000 (10450s)
[r16f cv=0.02] 26/31 rho=11.0000 J_MI=0.86942 J_CS=0.86916 J_HIST(base)=0.86931 tail<50=0.0000 (10873s)
[r16f cv=0.02] 27/31 rho=11.1000 J_MI=0.86919 J_CS=0.86940 J_HIST(base)=0.86939 tail<50=0.0001 (11301s)
[r16f cv=0.02] 28/31 rho=11.2000 J_MI=0.86899 J_CS=0.86875 J_HIST(base)=0.86971 tail<50=0.0001 (11728s)
[r16f cv=0.02] 29/31 rho=11.3000 J_MI=0.86881 J_CS=0.86851 J_HIST(base)=0.86889 tail<50=0.0000 (12157s)
[r16f cv=0.02] 30/31 rho=11.4000 J_MI=0.86863 J_CS=0.86854 J_HIST(base)=0.86882 tail<50=0.0000 (12581s)
[r16f cv=0.02] 31/31 rho=11.5000 J_MI=0.86829 J_CS=0.86759 J_HIST(base)=0.86957 tail<50=0.0000 (13008s)
[r16f cv=0.02] point sweep done (13008s); starting 200-replicate peak bootstrap
[boot cv=0.02] 20/200 MI_cubic med=10.1006 (183s)
[boot cv=0.02] 40/200 MI_cubic med=10.0998 (366s)
[boot cv=0.02] 60/200 MI_cubic med=10.0998 (542s)
[boot cv=0.02] 80/200 MI_cubic med=10.0998 (725s)
[boot cv=0.02] 100/200 MI_cubic med=10.0998 (908s)
[boot cv=0.02] 120/200 MI_cubic med=10.0998 (1080s)
[boot cv=0.02] 140/200 MI_cubic med=10.0998 (1250s)
[boot cv=0.02] 160/200 MI_cubic med=10.0998 (1418s)
[boot cv=0.02] 180/200 MI_cubic med=10.0998 (1588s)
[boot cv=0.02] 200/200 MI_cubic med=10.0998 (1758s)
[r16f cv=0.02] saved raw (N,L) -> /content/r16_diag/raw_nl_cv0.02.npz (245 MB)
CV_DONE 0.02
PART_DONE A
