[study2] out=D:\GI_another\results\round63_study2  C0=inf  modes=primary
[study2:primary] 90 cells
[study2:primary] cell 1/90 primary_k16_normalized_r0.05_nu5_s0 -> +120 rows (137.3s, total 137s)
[study2:primary] cell 2/90 primary_k16_normalized_r0.05_nu5_s1 -> +120 rows (119.8s, total 257s)
[study2:primary] cell 3/90 primary_k16_normalized_r0.05_nu5_s2 -> +120 rows (99.8s, total 357s)
[study2:primary] cell 4/90 primary_k16_normalized_r0.05_nu5_s3 -> +120 rows (84.5s, total 441s)
[study2:primary] cell 5/90 primary_k16_normalized_r0.05_nu5_s4 -> +120 rows (78.0s, total 519s)
[study2:primary] cell 6/90 primary_k16_normalized_r0.05_nu10_s0 -> +120 rows (78.0s, total 597s)
[study2:primary] cell 7/90 primary_k16_normalized_r0.05_nu10_s1 -> +120 rows (116.7s, total 714s)
[study2:primary] cell 8/90 primary_k16_normalized_r0.05_nu10_s2 -> +120 rows (129.9s, total 844s)
[study2:primary] cell 9/90 primary_k16_normalized_r0.05_nu10_s3 -> +120 rows (111.4s, total 955s)
[study2:primary] cell 10/90 primary_k16_normalized_r0.05_nu10_s4 -> +120 rows (110.1s, total 1065s)
[study2:primary] cell 11/90 primary_k16_normalized_r0.05_nu20_s0 -> +120 rows (127.2s, total 1193s)
[study2:primary] cell 12/90 primary_k16_normalized_r0.05_nu20_s1 -> +120 rows (126.1s, total 1319s)
[study2:primary] cell 13/90 primary_k16_normalized_r0.05_nu20_s2 -> +120 rows (120.8s, total 1440s)
[study2:primary] cell 14/90 primary_k16_normalized_r0.05_nu20_s3 -> +120 rows (121.1s, total 1561s)
[study2:primary] cell 15/90 primary_k16_normalized_r0.05_nu20_s4 -> +120 rows (119.1s, total 1680s)
[study2:primary] cell 16/90 primary_k16_normalized_r0.05_nu50_s0 -> +120 rows (135.4s, total 1815s)
[study2:primary] cell 17/90 primary_k16_normalized_r0.05_nu50_s1 -> +120 rows (138.3s, total 1953s)
[study2:primary] cell 18/90 primary_k16_normalized_r0.05_nu50_s2 -> +120 rows (105.3s, total 2059s)
[study2:primary] cell 19/90 primary_k16_normalized_r0.05_nu50_s3 -> +120 rows (137.4s, total 2196s)
[study2:primary] cell 20/90 primary_k16_normalized_r0.05_nu50_s4 -> +120 rows (137.6s, total 2334s)
[study2:primary] cell 21/90 primary_k16_normalized_r0.05_nu100_s0 -> +120 rows (182.5s, total 2516s)
[study2:primary] cell 22/90 primary_k16_normalized_r0.05_nu100_s1 -> +120 rows (176.1s, total 2692s)
[study2:primary] cell 23/90 primary_k16_normalized_r0.05_nu100_s2 -> +120 rows (192.7s, total 2885s)
[study2:primary] cell 24/90 primary_k16_normalized_r0.05_nu100_s3 -> +120 rows (195.7s, total 3081s)
[study2:primary] cell 25/90 primary_k16_normalized_r0.05_nu100_s4 -> +120 rows (208.7s, total 3289s)
[study2:primary] cell 26/90 primary_k16_normalized_r0.05_nu200_s0 -> +120 rows (191.1s, total 3480s)
[study2:primary] cell 27/90 primary_k16_normalized_r0.05_nu200_s1 -> +120 rows (120.5s, total 3601s)
[study2:primary] cell 28/90 primary_k16_normalized_r0.05_nu200_s2 -> +120 rows (118.0s, total 3719s)
[study2:primary] cell 29/90 primary_k16_normalized_r0.05_nu200_s3 -> +120 rows (194.6s, total 3914s)
[study2:primary] cell 30/90 primary_k16_normalized_r0.05_nu200_s4 -> +120 rows (238.8s, total 4152s)
[study2:primary] cell 31/90 primary_k16_normalized_r0.05_nu500_s0 -> +120 rows (134.1s, total 4286s)
[study2:primary] cell 32/90 primary_k16_normalized_r0.05_nu500_s1 -> +120 rows (138.3s, total 4425s)
[study2:primary] cell 33/90 primary_k16_normalized_r0.05_nu500_s2 -> +120 rows (127.3s, total 4552s)
[study2:primary] cell 34/90 primary_k16_normalized_r0.05_nu500_s3 -> +120 rows (134.3s, total 4686s)
[study2:primary] cell 35/90 primary_k16_normalized_r0.05_nu500_s4 -> +120 rows (144.2s, total 4831s)
[study2:primary] cell 36/90 primary_k16_normalized_r0.05_nu1000_s0 -> +120 rows (162.8s, total 4993s)
[study2:primary] cell 37/90 primary_k16_normalized_r0.05_nu1000_s1 -> +120 rows (146.7s, total 5140s)
[study2:primary] cell 38/90 primary_k16_normalized_r0.05_nu1000_s2 -> +120 rows (144.9s, total 5285s)
[study2:primary] cell 39/90 primary_k16_normalized_r0.05_nu1000_s3 -> +120 rows (264.7s, total 5550s)
[study2:primary] cell 40/90 primary_k16_normalized_r0.05_nu1000_s4 -> +120 rows (311.9s, total 5862s)
[study2:primary] cell 41/90 primary_k16_normalized_r0.05_nu2000_s0 -> +120 rows (266.7s, total 6128s)
[study2:primary] cell 42/90 primary_k16_normalized_r0.05_nu2000_s1 -> +120 rows (176.0s, total 6304s)
[study2:primary] cell 43/90 primary_k16_normalized_r0.05_nu2000_s2 -> +120 rows (150.0s, total 6454s)
[study2:primary] cell 44/90 primary_k16_normalized_r0.05_nu2000_s3 -> +120 rows (152.1s, total 6606s)
[study2:primary] cell 45/90 primary_k16_normalized_r0.05_nu2000_s4 -> +120 rows (155.6s, total 6762s)
[study2:primary] cell 46/90 primary_k16_normalized_r0.6_nu5_s0 -> +120 rows (68.1s, total 6830s)
[study2:primary] cell 47/90 primary_k16_normalized_r0.6_nu5_s1 -> +120 rows (149.4s, total 6980s)
[study2:primary] cell 48/90 primary_k16_normalized_r0.6_nu5_s2 -> +120 rows (150.1s, total 7130s)
[study2:primary] cell 49/90 primary_k16_normalized_r0.6_nu5_s3 -> +120 rows (151.7s, total 7281s)
[study2:primary] cell 50/90 primary_k16_normalized_r0.6_nu5_s4 -> +120 rows (144.5s, total 7426s)
[study2:primary] cell 51/90 primary_k16_normalized_r0.6_nu10_s0 -> +120 rows (222.2s, total 7648s)
[study2:primary] cell 52/90 primary_k16_normalized_r0.6_nu10_s1 -> +120 rows (157.2s, total 7805s)
[study2:primary] cell 53/90 primary_k16_normalized_r0.6_nu10_s2 -> +120 rows (101.9s, total 7907s)
[study2:primary] cell 54/90 primary_k16_normalized_r0.6_nu10_s3 -> +120 rows (102.5s, total 8010s)
[study2:primary] cell 55/90 primary_k16_normalized_r0.6_nu10_s4 -> +120 rows (104.4s, total 8114s)
[study2:primary] cell 56/90 primary_k16_normalized_r0.6_nu20_s0 -> +120 rows (163.2s, total 8277s)
[study2:primary] cell 57/90 primary_k16_normalized_r0.6_nu20_s1 -> +120 rows (286.1s, total 8563s)
[study2:primary] cell 58/90 primary_k16_normalized_r0.6_nu20_s2 -> +120 rows (278.5s, total 8842s)
[study2:primary] cell 59/90 primary_k16_normalized_r0.6_nu20_s3 -> +120 rows (263.5s, total 9105s)
[study2:primary] cell 60/90 primary_k16_normalized_r0.6_nu20_s4 -> +120 rows (271.3s, total 9377s)
[study2:primary] cell 61/90 primary_k16_normalized_r0.6_nu50_s0 -> +120 rows (137.2s, total 9514s)
[study2:primary] cell 62/90 primary_k16_normalized_r0.6_nu50_s1 -> +120 rows (139.0s, total 9653s)
[study2:primary] cell 63/90 primary_k16_normalized_r0.6_nu50_s2 -> +120 rows (178.7s, total 9832s)
[study2:primary] cell 64/90 primary_k16_normalized_r0.6_nu50_s3 -> +120 rows (144.5s, total 9976s)
[study2:primary] cell 65/90 primary_k16_normalized_r0.6_nu50_s4 -> +120 rows (140.5s, total 10117s)
[study2:primary] cell 66/90 primary_k16_normalized_r0.6_nu100_s0 -> +120 rows (169.8s, total 10286s)
[study2:primary] cell 67/90 primary_k16_normalized_r0.6_nu100_s1 -> +120 rows (186.0s, total 10472s)
[study2:primary] cell 68/90 primary_k16_normalized_r0.6_nu100_s2 -> +120 rows (128.8s, total 10601s)
[study2:primary] cell 69/90 primary_k16_normalized_r0.6_nu100_s3 -> +120 rows (297.1s, total 10898s)
[study2:primary] cell 70/90 primary_k16_normalized_r0.6_nu100_s4 -> +120 rows (302.4s, total 11201s)
[study2:primary] cell 71/90 primary_k16_normalized_r0.6_nu200_s0 -> +120 rows (142.1s, total 11343s)
[study2:primary] cell 72/90 primary_k16_normalized_r0.6_nu200_s1 -> +120 rows (134.3s, total 11477s)
[study2:primary] cell 73/90 primary_k16_normalized_r0.6_nu200_s2 -> +120 rows (141.8s, total 11619s)
[study2:primary] cell 74/90 primary_k16_normalized_r0.6_nu200_s3 -> +120 rows (185.5s, total 11804s)
[study2:primary] cell 75/90 primary_k16_normalized_r0.6_nu200_s4 -> +120 rows (159.0s, total 11963s)
[study2:primary] cell 76/90 primary_k16_normalized_r0.6_nu500_s0 -> +120 rows (138.4s, total 12102s)
[study2:primary] cell 77/90 primary_k16_normalized_r0.6_nu500_s1 -> +120 rows (145.8s, total 12248s)
[study2:primary] cell 78/90 primary_k16_normalized_r0.6_nu500_s2 -> +120 rows (145.5s, total 12393s)
[study2:primary] cell 79/90 primary_k16_normalized_r0.6_nu500_s3 -> +120 rows (168.8s, total 12562s)
[study2:primary] cell 80/90 primary_k16_normalized_r0.6_nu500_s4 -> +120 rows (309.9s, total 12872s)
[study2:primary] cell 81/90 primary_k16_normalized_r0.6_nu1000_s0 -> +120 rows (330.4s, total 13202s)
[study2:primary] cell 82/90 primary_k16_normalized_r0.6_nu1000_s1 -> +120 rows (309.9s, total 13512s)
[study2:primary] cell 83/90 primary_k16_normalized_r0.6_nu1000_s2 -> +120 rows (170.3s, total 13682s)
[study2:primary] cell 84/90 primary_k16_normalized_r0.6_nu1000_s3 -> +120 rows (165.5s, total 13848s)
[study2:primary] cell 85/90 primary_k16_normalized_r0.6_nu1000_s4 -> +120 rows (180.7s, total 14029s)
[study2:primary] cell 86/90 primary_k16_normalized_r0.6_nu2000_s0 -> +120 rows (174.1s, total 14203s)
[study2:primary] cell 87/90 primary_k16_normalized_r0.6_nu2000_s1 -> +120 rows (166.6s, total 14369s)
[study2:primary] cell 88/90 primary_k16_normalized_r0.6_nu2000_s2 -> +120 rows (158.4s, total 14528s)
[study2:primary] cell 89/90 primary_k16_normalized_r0.6_nu2000_s3 -> +120 rows (263.6s, total 14791s)
[study2:primary] cell 90/90 primary_k16_normalized_r0.6_nu2000_s4 -> +120 rows (165.1s, total 14956s)
[study2:primary] SWEEP DONE wall=14956s rows=D:\GI_another\results\round63_study2\primary_rows.csv
[study2] DONE
