[mid_z2_5mm_lc50 2pct] cov_lam M8:2.368e-04 M16:8.899e-04 M32:2.777e-03 (p=1.78) extrap Tdet@128=767.7
[mid_z2_5mm_lc50 5pct] cov_lam M8:1.451e-03 M16:5.288e-03 M32:1.675e-02 (p=1.76) extrap Tdet@128=129.3
[near_contact_z2_1mm_lc50 2pct] cov_lam M8:1.174e-05 M16:4.524e-05 M32:1.609e-04 (p=1.89) extrap Tdet@128=11341.7
[near_contact_z2_1mm_lc50 5pct] cov_lam M8:6.746e-05 M16:2.547e-04 M32:9.231e-04 (p=1.89) extrap Tdet@128=1979.1
Traceback (most recent call last):
  File "D:\GI_another\results\round63_next\WAVE_TWIN\t5b_mscaling.py", line 98, in <module>
    json.dump(results, f, indent=2)
  File "D:\Anacondar\anaconda3\Lib\json\__init__.py", line 179, in dump
    for chunk in iterable:
  File "D:\Anacondar\anaconda3\Lib\json\encoder.py", line 432, in _iterencode
    yield from _iterencode_dict(o, _current_indent_level)
  File "D:\Anacondar\anaconda3\Lib\json\encoder.py", line 406, in _iterencode_dict
    yield from chunks
  File "D:\Anacondar\anaconda3\Lib\json\encoder.py", line 326, in _iterencode_list
    yield from chunks
  File "D:\Anacondar\anaconda3\Lib\json\encoder.py", line 406, in _iterencode_dict
    yield from chunks
  File "D:\Anacondar\anaconda3\Lib\json\encoder.py", line 377, in _iterencode_dict
    raise TypeError(f'keys must be str, int, float, bool or None, '
TypeError: keys must be str, int, float, bool or None, not tuple
